{"meta": {"format": 3, "version": "7.6.1", "timestamp": "2026-04-24T14:42:53.517278", "branch_coverage": false, "show_contexts": false}, "files": {"app\\__init__.py": {"executed_lines": [1], "summary": {"covered_lines": 0, "num_statements": 0, "percent_covered": 100.0, "percent_covered_display": "100", "missing_lines": 0, "excluded_lines": 0}, "missing_lines": [], "excluded_lines": [], "functions": {"": {"executed_lines": [1], "summary": {"covered_lines": 0, "num_statements": 0, "percent_covered": 100.0, "percent_covered_display": "100", "missing_lines": 0, "excluded_lines": 0}, "missing_lines": [], "excluded_lines": []}}, "classes": {"": {"executed_lines": [1], "summary": {"covered_lines": 0, "num_statements": 0, "percent_covered": 100.0, "percent_covered_display": "100", "missing_lines": 0, "excluded_lines": 0}, "missing_lines": [], "excluded_lines": []}}}, "app\\auth.py": {"executed_lines": [1, 3, 4, 5, 6, 7, 8, 9, 10, 11, 12, 13, 14, 16, 17, 19, 20, 21, 22, 25, 26, 27, 28, 29, 30, 31, 34, 35, 36, 38, 39, 40, 41, 42, 43, 44, 45, 46, 47, 48, 49, 50, 51, 52, 53, 54, 57, 58, 59, 61, 62, 63, 64, 67, 70, 72, 74, 77, 80, 83, 86, 87, 89, 91, 94, 97, 100, 102, 104, 107, 110, 113, 115, 117, 119, 121, 123, 126, 129, 133, 136, 139, 140, 143, 146, 149, 150, 159, 160, 161, 166, 169, 172, 175, 177, 179, 181, 182, 187, 189, 191, 193, 194, 195, 197, 199, 201, 203, 205, 207, 210, 213, 216, 217, 218, 219, 221, 223, 226, 235, 239, 242, 245, 247, 249, 252, 255, 258, 261, 262, 264, 266, 269, 272, 275, 278, 279, 281, 284, 285, 287, 290, 294, 297, 300, 301, 304, 305, 308, 311, 312, 313, 315, 317, 320, 323, 326, 327, 328, 329, 331, 333, 335, 337, 340, 343, 346, 348, 350, 352, 354, 357, 363, 366, 367, 368, 369, 370, 371, 373, 375, 377, 379, 381, 383, 385, 387, 389, 390, 392, 394, 396, 397, 400, 407, 410, 411, 414, 420, 423, 426, 427, 428, 430, 432, 435, 438, 441, 442, 443, 445, 447, 449, 450, 459, 462, 468, 471, 473, 475, 477, 479, 481, 483, 485, 487, 489, 491, 493, 496, 499, 502, 504, 506, 509, 512, 515, 517, 520, 523, 527, 535, 539, 556, 559, 562, 563, 566, 567, 568, 571, 574, 577, 579, 581, 584, 587, 588, 590, 592, 598, 599, 600, 603, 606, 608, 610, 613, 614, 617, 620, 621, 622, 624, 626, 632, 633, 634, 635, 638, 641, 642, 644, 646, 649, 650, 653, 656, 658, 660, 663], "summary": {"covered_lines": 288, "num_statements": 288, "percent_covered": 100.0, "percent_covered_display": "100", "missing_lines": 0, "excluded_lines": 0}, "missing_lines": [], "excluded_lines": [], "functions": {"_normalize_role": {"executed_lines": [70, 72, 74, 77], "summary": {"covered_lines": 4, "num_statements": 4, "percent_covered": 100.0, "percent_covered_display": "100", "missing_lines": 0, "excluded_lines": 0}, "missing_lines": [], "excluded_lines": []}, "_parse_repositories": {"executed_lines": [83, 86, 87, 89, 91, 94], "summary": {"covered_lines": 6, "num_statements": 6, "percent_covered": 100.0, "percent_covered_display": "100", "missing_lines": 0, "excluded_lines": 0}, "missing_lines": [], "excluded_lines": []}, "_extract_bearer_token": {"executed_lines": [100, 102, 104, 107], "summary": {"covered_lines": 4, "num_statements": 4, "percent_covered": 100.0, "percent_covered_display": "100", "missing_lines": 0, "excluded_lines": 0}, "missing_lines": [], "excluded_lines": []}, "_get_session_signing_secret": {"executed_lines": [113, 115, 117, 119, 121, 123, 126], "summary": {"covered_lines": 7, "num_statements": 7, "percent_covered": 100.0, "percent_covered_display": "100", "missing_lines": 0, "excluded_lines": 0}, "missing_lines": [], "excluded_lines": []}, "_encode_token_segment": {"executed_lines": [133], "summary": {"covered_lines": 1, "num_statements": 1, "percent_covered": 100.0, "percent_covered_display": "100", "missing_lines": 0, "excluded_lines": 0}, "missing_lines": [], "excluded_lines": []}, "_decode_token_segment": {"executed_lines": [139, 140, 143], "summary": {"covered_lines": 3, "num_statements": 3, "percent_covered": 100.0, "percent_covered_display": "100", "missing_lines": 0, "excluded_lines": 0}, "missing_lines": [], "excluded_lines": []}, "_build_signed_session_token": {"executed_lines": [149, 150, 159, 160, 161, 166, 169], "summary": {"covered_lines": 7, "num_statements": 7, "percent_covered": 100.0, "percent_covered_display": "100", "missing_lines": 0, "excluded_lines": 0}, "missing_lines": [], "excluded_lines": []}, "_read_signed_session_token": {"executed_lines": [175, 177, 179, 181, 182, 187, 189, 191, 193, 194, 195, 197, 199, 201, 203, 205, 207, 210], "summary": {"covered_lines": 18, "num_statements": 18, "percent_covered": 100.0, "percent_covered_display": "100", "missing_lines": 0, "excluded_lines": 0}, "missing_lines": [], "excluded_lines": []}, "_build_session_record_from_token": {"executed_lines": [216, 217, 218, 219, 221, 223, 226], "summary": {"covered_lines": 7, "num_statements": 7, "percent_covered": 100.0, "percent_covered_display": "100", "missing_lines": 0, "excluded_lines": 0}, "missing_lines": [], "excluded_lines": []}, "_normalize_email": {"executed_lines": [239], "summary": {"covered_lines": 1, "num_statements": 1, "percent_covered": 100.0, "percent_covered_display": "100", "missing_lines": 0, "excluded_lines": 0}, "missing_lines": [], "excluded_lines": []}, "_extract_email_domain": {"executed_lines": [245, 247, 249, 252], "summary": {"covered_lines": 4, "num_statements": 4, "percent_covered": 100.0, "percent_covered_display": "100", "missing_lines": 0, "excluded_lines": 0}, "missing_lines": [], "excluded_lines": []}, "_normalize_rule_values": {"executed_lines": [258, 261, 262, 264, 266, 269], "summary": {"covered_lines": 6, "num_statements": 6, "percent_covered": 100.0, "percent_covered_display": "100", "missing_lines": 0, "excluded_lines": 0}, "missing_lines": [], "excluded_lines": []}, "_prune_expired_google_records": {"executed_lines": [275, 278, 279, 281, 284, 285, 287], "summary": {"covered_lines": 7, "num_statements": 7, "percent_covered": 100.0, "percent_covered_display": "100", "missing_lines": 0, "excluded_lines": 0}, "missing_lines": [], "excluded_lines": []}, "is_google_sso_enabled": {"executed_lines": [294], "summary": {"covered_lines": 1, "num_statements": 1, "percent_covered": 100.0, "percent_covered_display": "100", "missing_lines": 0, "excluded_lines": 0}, "missing_lines": [], "excluded_lines": []}, "create_google_oauth_state": {"executed_lines": [300, 301, 304, 305], "summary": {"covered_lines": 4, "num_statements": 4, "percent_covered": 100.0, "percent_covered_display": "100", "missing_lines": 0, "excluded_lines": 0}, "missing_lines": [], "excluded_lines": []}, "consume_google_oauth_state": {"executed_lines": [311, 312, 313, 315, 317, 320], "summary": {"covered_lines": 6, "num_statements": 6, "percent_covered": 100.0, "percent_covered_display": "100", "missing_lines": 0, "excluded_lines": 0}, "missing_lines": [], "excluded_lines": []}, "_email_matches_rule": {"executed_lines": [326, 327, 328, 329, 331, 333, 335, 337, 340], "summary": {"covered_lines": 9, "num_statements": 9, "percent_covered": 100.0, "percent_covered_display": "100", "missing_lines": 0, "excluded_lines": 0}, "missing_lines": [], "excluded_lines": []}, "resolve_google_role": {"executed_lines": [346, 348, 350, 352, 354, 357], "summary": {"covered_lines": 6, "num_statements": 6, "percent_covered": 100.0, "percent_covered_display": "100", "missing_lines": 0, "excluded_lines": 0}, "missing_lines": [], "excluded_lines": []}, "validate_google_identity": {"executed_lines": [366, 367, 368, 369, 370, 371, 373, 375, 377, 379, 381, 383, 385, 387, 389, 390, 392, 394, 396, 397, 400], "summary": {"covered_lines": 21, "num_statements": 21, "percent_covered": 100.0, "percent_covered_display": "100", "missing_lines": 0, "excluded_lines": 0}, "missing_lines": [], "excluded_lines": []}, "store_google_exchange_code": {"executed_lines": [410, 411, 414, 420], "summary": {"covered_lines": 4, "num_statements": 4, "percent_covered": 100.0, "percent_covered_display": "100", "missing_lines": 0, "excluded_lines": 0}, "missing_lines": [], "excluded_lines": []}, "consume_google_exchange_code": {"executed_lines": [426, 427, 428, 430, 432, 435], "summary": {"covered_lines": 6, "num_statements": 6, "percent_covered": 100.0, "percent_covered_display": "100", "missing_lines": 0, "excluded_lines": 0}, "missing_lines": [], "excluded_lines": []}, "create_session": {"executed_lines": [441, 442, 443, 445, 447, 449, 450, 459, 462], "summary": {"covered_lines": 9, "num_statements": 9, "percent_covered": 100.0, "percent_covered_display": "100", "missing_lines": 0, "excluded_lines": 0}, "missing_lines": [], "excluded_lines": []}, "get_session": {"executed_lines": [471, 473, 475, 477, 479, 481, 483, 485, 487, 489, 491, 493, 496], "summary": {"covered_lines": 13, "num_statements": 13, "percent_covered": 100.0, "percent_covered_display": "100", "missing_lines": 0, "excluded_lines": 0}, "missing_lines": [], "excluded_lines": []}, "require_session": {"executed_lines": [502, 504, 506, 509], "summary": {"covered_lines": 4, "num_statements": 4, "percent_covered": 100.0, "percent_covered_display": "100", "missing_lines": 0, "excluded_lines": 0}, "missing_lines": [], "excluded_lines": []}, "require_role": {"executed_lines": [515, 517, 520], "summary": {"covered_lines": 3, "num_statements": 3, "percent_covered": 100.0, "percent_covered_display": "100", "missing_lines": 0, "excluded_lines": 0}, "missing_lines": [], "excluded_lines": []}, "build_current_user": {"executed_lines": [527], "summary": {"covered_lines": 1, "num_statements": 1, "percent_covered": 100.0, "percent_covered_display": "100", "missing_lines": 0, "excluded_lines": 0}, "missing_lines": [], "excluded_lines": []}, "build_effective_settings": {"executed_lines": [539], "summary": {"covered_lines": 1, "num_statements": 1, "percent_covered": 100.0, "percent_covered_display": "100", "missing_lines": 0, "excluded_lines": 0}, "missing_lines": [], "excluded_lines": []}, "build_request_headers": {"executed_lines": [559, 562, 563, 566, 567, 568, 571], "summary": {"covered_lines": 7, "num_statements": 7, "percent_covered": 100.0, "percent_covered_display": "100", "missing_lines": 0, "excluded_lines": 0}, "missing_lines": [], "excluded_lines": []}, "sign_out_session": {"executed_lines": [577, 579, 581], "summary": {"covered_lines": 3, "num_statements": 3, "percent_covered": 100.0, "percent_covered_display": "100", "missing_lines": 0, "excluded_lines": 0}, "missing_lines": [], "excluded_lines": []}, "connect_github": {"executed_lines": [587, 588, 590, 592, 598, 599, 600], "summary": {"covered_lines": 7, "num_statements": 7, "percent_covered": 100.0, "percent_covered_display": "100", "missing_lines": 0, "excluded_lines": 0}, "missing_lines": [], "excluded_lines": []}, "connect_linear": {"executed_lines": [606, 608, 610, 613, 614], "summary": {"covered_lines": 5, "num_statements": 5, "percent_covered": 100.0, "percent_covered_display": "100", "missing_lines": 0, "excluded_lines": 0}, "missing_lines": [], "excluded_lines": []}, "connect_jira": {"executed_lines": [620, 621, 622, 624, 626, 632, 633, 634, 635], "summary": {"covered_lines": 9, "num_statements": 9, "percent_covered": 100.0, "percent_covered_display": "100", "missing_lines": 0, "excluded_lines": 0}, "missing_lines": [], "excluded_lines": []}, "connect_cursor": {"executed_lines": [641, 642, 644, 646, 649, 650], "summary": {"covered_lines": 6, "num_statements": 6, "percent_covered": 100.0, "percent_covered_display": "100", "missing_lines": 0, "excluded_lines": 0}, "missing_lines": [], "excluded_lines": []}, "connect_docs": {"executed_lines": [656, 658, 660, 663], "summary": {"covered_lines": 4, "num_statements": 4, "percent_covered": 100.0, "percent_covered_display": "100", "missing_lines": 0, "excluded_lines": 0}, "missing_lines": [], "excluded_lines": []}, "": {"executed_lines": [1, 3, 4, 5, 6, 7, 8, 9, 10, 11, 12, 13, 14, 16, 17, 19, 20, 21, 22, 25, 26, 27, 28, 29, 30, 31, 34, 35, 36, 38, 39, 40, 41, 42, 43, 44, 45, 46, 47, 48, 49, 50, 51, 52, 53, 54, 57, 58, 59, 61, 62, 63, 64, 67, 80, 97, 110, 129, 136, 146, 172, 213, 235, 242, 255, 272, 290, 297, 308, 323, 343, 363, 407, 423, 438, 468, 499, 512, 523, 535, 556, 574, 584, 603, 617, 638, 653], "summary": {"covered_lines": 84, "num_statements": 84, "percent_covered": 100.0, "percent_covered_display": "100", "missing_lines": 0, "excluded_lines": 0}, "missing_lines": [], "excluded_lines": []}}, "classes": {"SessionRecord": {"executed_lines": [], "summary": {"covered_lines": 0, "num_statements": 0, "percent_covered": 100.0, "percent_covered_display": "100", "missing_lines": 0, "excluded_lines": 0}, "missing_lines": [], "excluded_lines": []}, "GoogleExchangeRecord": {"executed_lines": [], "summary": {"covered_lines": 0, "num_statements": 0, "percent_covered": 100.0, "percent_covered_display": "100", "missing_lines": 0, "excluded_lines": 0}, "missing_lines": [], "excluded_lines": []}, "": {"executed_lines": [1, 3, 4, 5, 6, 7, 8, 9, 10, 11, 12, 13, 14, 16, 17, 19, 20, 21, 22, 25, 26, 27, 28, 29, 30, 31, 34, 35, 36, 38, 39, 40, 41, 42, 43, 44, 45, 46, 47, 48, 49, 50, 51, 52, 53, 54, 57, 58, 59, 61, 62, 63, 64, 67, 70, 72, 74, 77, 80, 83, 86, 87, 89, 91, 94, 97, 100, 102, 104, 107, 110, 113, 115, 117, 119, 121, 123, 126, 129, 133, 136, 139, 140, 143, 146, 149, 150, 159, 160, 161, 166, 169, 172, 175, 177, 179, 181, 182, 187, 189, 191, 193, 194, 195, 197, 199, 201, 203, 205, 207, 210, 213, 216, 217, 218, 219, 221, 223, 226, 235, 239, 242, 245, 247, 249, 252, 255, 258, 261, 262, 264, 266, 269, 272, 275, 278, 279, 281, 284, 285, 287, 290, 294, 297, 300, 301, 304, 305, 308, 311, 312, 313, 315, 317, 320, 323, 326, 327, 328, 329, 331, 333, 335, 337, 340, 343, 346, 348, 350, 352, 354, 357, 363, 366, 367, 368, 369, 370, 371, 373, 375, 377, 379, 381, 383, 385, 387, 389, 390, 392, 394, 396, 397, 400, 407, 410, 411, 414, 420, 423, 426, 427, 428, 430, 432, 435, 438, 441, 442, 443, 445, 447, 449, 450, 459, 462, 468, 471, 473, 475, 477, 479, 481, 483, 485, 487, 489, 491, 493, 496, 499, 502, 504, 506, 509, 512, 515, 517, 520, 523, 527, 535, 539, 556, 559, 562, 563, 566, 567, 568, 571, 574, 577, 579, 581, 584, 587, 588, 590, 592, 598, 599, 600, 603, 606, 608, 610, 613, 614, 617, 620, 621, 622, 624, 626, 632, 633, 634, 635, 638, 641, 642, 644, 646, 649, 650, 653, 656, 658, 660, 663], "summary": {"covered_lines": 288, "num_statements": 288, "percent_covered": 100.0, "percent_covered_display": "100", "missing_lines": 0, "excluded_lines": 0}, "missing_lines": [], "excluded_lines": []}}}, "app\\config.py": {"executed_lines": [1, 3, 4, 5, 6, 9, 10, 11, 13, 14, 15, 16, 17, 18, 19, 20, 21, 22, 23, 24, 25, 26, 27, 28, 29, 30, 31, 32, 33, 34, 35, 36, 37, 38, 41, 44, 47, 48, 50, 52, 55, 58, 61, 63, 65, 67, 68, 71, 74, 77, 78, 79, 84, 91], "summary": {"covered_lines": 52, "num_statements": 52, "percent_covered": 100.0, "percent_covered_display": "100", "missing_lines": 0, "excluded_lines": 0}, "missing_lines": [], "excluded_lines": [], "functions": {"_parse_csv": {"executed_lines": [44, 47, 48, 50, 52, 55], "summary": {"covered_lines": 6, "num_statements": 6, "percent_covered": 100.0, "percent_covered_display": "100", "missing_lines": 0, "excluded_lines": 0}, "missing_lines": [], "excluded_lines": []}, "_resolve_docs_directory": {"executed_lines": [61, 63, 65, 67, 68, 71], "summary": {"covered_lines": 6, "num_statements": 6, "percent_covered": 100.0, "percent_covered_display": "100", "missing_lines": 0, "excluded_lines": 0}, "missing_lines": [], "excluded_lines": []}, "get_settings": {"executed_lines": [77, 78, 79, 84, 91], "summary": {"covered_lines": 5, "num_statements": 5, "percent_covered": 100.0, "percent_covered_display": "100", "missing_lines": 0, "excluded_lines": 0}, "missing_lines": [], "excluded_lines": []}, "": {"executed_lines": [1, 3, 4, 5, 6, 9, 10, 11, 13, 14, 15, 16, 17, 18, 19, 20, 21, 22, 23, 24, 25, 26, 27, 28, 29, 30, 31, 32, 33, 34, 35, 36, 37, 38, 41, 58, 74], "summary": {"covered_lines": 35, "num_statements": 35, "percent_covered": 100.0, "percent_covered_display": "100", "missing_lines": 0, "excluded_lines": 0}, "missing_lines": [], "excluded_lines": []}}, "classes": {"Settings": {"executed_lines": [], "summary": {"covered_lines": 0, "num_statements": 0, "percent_covered": 100.0, "percent_covered_display": "100", "missing_lines": 0, "excluded_lines": 0}, "missing_lines": [], "excluded_lines": []}, "": {"executed_lines": [1, 3, 4, 5, 6, 9, 10, 11, 13, 14, 15, 16, 17, 18, 19, 20, 21, 22, 23, 24, 25, 26, 27, 28, 29, 30, 31, 32, 33, 34, 35, 36, 37, 38, 41, 44, 47, 48, 50, 52, 55, 58, 61, 63, 65, 67, 68, 71, 74, 77, 78, 79, 84, 91], "summary": {"covered_lines": 52, "num_statements": 52, "percent_covered": 100.0, "percent_covered_display": "100", "missing_lines": 0, "excluded_lines": 0}, "missing_lines": [], "excluded_lines": []}}}, "app\\main.py": {"executed_lines": [1, 3, 4, 5, 6, 7, 8, 9, 11, 12, 13, 14, 15, 17, 18, 19, 20, 21, 22, 23, 24, 25, 26, 27, 28, 29, 30, 31, 32, 33, 34, 35, 36, 37, 38, 39, 40, 41, 42, 43, 44, 45, 46, 47, 48, 49, 50, 51, 52, 53, 54, 55, 56, 57, 58, 59, 60, 61, 62, 63, 64, 65, 68, 73, 76, 79, 80, 82, 84, 87, 89, 98, 101, 102, 103, 106, 109, 115, 116, 119, 122, 125, 127, 130, 133, 142, 143, 145, 147, 150, 153, 163, 165, 171, 173, 174, 176, 179, 182, 184, 186, 187, 189, 190, 192, 195, 198, 199, 201, 203, 206, 209, 212, 213, 227, 230, 233, 236, 242, 243, 247, 250, 251, 252, 256, 259, 260, 261, 265, 268, 269, 270, 273, 276, 279, 280, 281, 284, 286, 288, 289, 290, 292, 294, 296, 297, 299, 301, 303, 304, 305, 310, 312, 318, 321, 322, 323, 326, 329, 332, 333, 334, 338, 341, 344, 345, 346, 349, 352, 355, 356, 357, 368, 371, 373, 375, 376, 378, 381, 382, 383, 389, 391, 393, 394, 396, 399, 400, 401, 404, 407, 410, 411, 412, 413, 414, 417, 420, 423, 424, 425, 428, 431, 434, 435, 436, 439, 442, 445, 446, 447, 450, 453, 456, 457, 458, 464, 465, 466, 467, 469, 470, 475, 478, 479, 480, 482, 484, 489, 492, 494, 496, 497, 499, 502, 503, 504, 507, 509, 511, 522, 524, 527, 528, 529, 540, 543, 544, 545, 548, 549, 550, 551, 552, 554, 556, 561, 563, 568, 570, 573, 574, 575, 581, 584, 587, 588, 589, 592, 594, 596, 597, 599, 602, 603, 604, 610, 612, 614, 615, 617, 620, 621, 622, 625, 626, 627, 628, 631, 634, 635, 636, 639, 640, 641, 642, 645, 648, 649, 650, 653, 654, 655, 656, 659, 662, 663, 664, 667, 668, 669, 670, 673, 676, 677, 678, 681, 682, 683, 684, 687], "summary": {"covered_lines": 320, "num_statements": 320, "percent_covered": 100.0, "percent_covered_display": "100", "missing_lines": 0, "excluded_lines": 0}, "missing_lines": [], "excluded_lines": [], "functions": {"_build_allowed_origins": {"executed_lines": [79, 80, 82, 84, 87], "summary": {"covered_lines": 5, "num_statements": 5, "percent_covered": 100.0, "percent_covered_display": "100", "missing_lines": 0, "excluded_lines": 0}, "missing_lines": [], "excluded_lines": []}, "_authorized_request": {"executed_lines": [101, 102, 103, 106], "summary": {"covered_lines": 4, "num_statements": 4, "percent_covered": 100.0, "percent_covered_display": "100", "missing_lines": 0, "excluded_lines": 0}, "missing_lines": [], "excluded_lines": []}, "_authorized_request_with_roles": {"executed_lines": [115, 116, 119], "summary": {"covered_lines": 3, "num_statements": 3, "percent_covered": 100.0, "percent_covered_display": "100", "missing_lines": 0, "excluded_lines": 0}, "missing_lines": [], "excluded_lines": []}, "_ensure_google_sso_enabled": {"executed_lines": [125, 127, 130], "summary": {"covered_lines": 3, "num_statements": 3, "percent_covered": 100.0, "percent_covered_display": "100", "missing_lines": 0, "excluded_lines": 0}, "missing_lines": [], "excluded_lines": []}, "_request_json": {"executed_lines": [142, 143, 145, 147], "summary": {"covered_lines": 4, "num_statements": 4, "percent_covered": 100.0, "percent_covered_display": "100", "missing_lines": 0, "excluded_lines": 0}, "missing_lines": [], "excluded_lines": []}, "_exchange_google_authorization_code": {"executed_lines": [153, 163, 165, 171, 173, 174, 176], "summary": {"covered_lines": 7, "num_statements": 7, "percent_covered": 100.0, "percent_covered_display": "100", "missing_lines": 0, "excluded_lines": 0}, "missing_lines": [], "excluded_lines": []}, "_read_google_identity": {"executed_lines": [182, 184, 186, 187, 189, 190, 192], "summary": {"covered_lines": 7, "num_statements": 7, "percent_covered": 100.0, "percent_covered_display": "100", "missing_lines": 0, "excluded_lines": 0}, "missing_lines": [], "excluded_lines": []}, "_build_frontend_url": {"executed_lines": [198, 199, 201, 203, 206], "summary": {"covered_lines": 5, "num_statements": 5, "percent_covered": 100.0, "percent_covered_display": "100", "missing_lines": 0, "excluded_lines": 0}, "missing_lines": [], "excluded_lines": []}, "_build_google_authorize_url": {"executed_lines": [212, 213, 227], "summary": {"covered_lines": 3, "num_statements": 3, "percent_covered": 100.0, "percent_covered_display": "100", "missing_lines": 0, "excluded_lines": 0}, "missing_lines": [], "excluded_lines": []}, "_build_auth_config_payload": {"executed_lines": [233, 236], "summary": {"covered_lines": 2, "num_statements": 2, "percent_covered": 100.0, "percent_covered_display": "100", "missing_lines": 0, "excluded_lines": 0}, "missing_lines": [], "excluded_lines": []}, "health_check": {"executed_lines": [247], "summary": {"covered_lines": 1, "num_statements": 1, "percent_covered": 100.0, "percent_covered_display": "100", "missing_lines": 0, "excluded_lines": 0}, "missing_lines": [], "excluded_lines": []}, "post_sign_in": {"executed_lines": [256], "summary": {"covered_lines": 1, "num_statements": 1, "percent_covered": 100.0, "percent_covered_display": "100", "missing_lines": 0, "excluded_lines": 0}, "missing_lines": [], "excluded_lines": []}, "get_auth_config": {"executed_lines": [265], "summary": {"covered_lines": 1, "num_statements": 1, "percent_covered": 100.0, "percent_covered_display": "100", "missing_lines": 0, "excluded_lines": 0}, "missing_lines": [], "excluded_lines": []}, "start_google_sign_in": {"executed_lines": [273, 276], "summary": {"covered_lines": 2, "num_statements": 2, "percent_covered": 100.0, "percent_covered_display": "100", "missing_lines": 0, "excluded_lines": 0}, "missing_lines": [], "excluded_lines": []}, "finish_google_sign_in": {"executed_lines": [284, 286, 288, 289, 290, 292, 294, 296, 297, 299, 301, 303, 304, 305, 310, 312, 318], "summary": {"covered_lines": 17, "num_statements": 17, "percent_covered": 100.0, "percent_covered_display": "100", "missing_lines": 0, "excluded_lines": 0}, "missing_lines": [], "excluded_lines": []}, "post_google_exchange": {"executed_lines": [326, 329], "summary": {"covered_lines": 2, "num_statements": 2, "percent_covered": 100.0, "percent_covered_display": "100", "missing_lines": 0, "excluded_lines": 0}, "missing_lines": [], "excluded_lines": []}, "post_sign_out": {"executed_lines": [338, 341], "summary": {"covered_lines": 2, "num_statements": 2, "percent_covered": 100.0, "percent_covered_display": "100", "missing_lines": 0, "excluded_lines": 0}, "missing_lines": [], "excluded_lines": []}, "get_dashboard": {"executed_lines": [349, 352], "summary": {"covered_lines": 2, "num_statements": 2, "percent_covered": 100.0, "percent_covered_display": "100", "missing_lines": 0, "excluded_lines": 0}, "missing_lines": [], "excluded_lines": []}, "post_dashboard_suggested_actions": {"executed_lines": [368, 371, 373, 375, 376, 378], "summary": {"covered_lines": 6, "num_statements": 6, "percent_covered": 100.0, "percent_covered_display": "100", "missing_lines": 0, "excluded_lines": 0}, "missing_lines": [], "excluded_lines": []}, "read_run_detail": {"executed_lines": [389, 391, 393, 394, 396], "summary": {"covered_lines": 5, "num_statements": 5, "percent_covered": 100.0, "percent_covered_display": "100", "missing_lines": 0, "excluded_lines": 0}, "missing_lines": [], "excluded_lines": []}, "get_approvals": {"executed_lines": [404, 407], "summary": {"covered_lines": 2, "num_statements": 2, "percent_covered": 100.0, "percent_covered_display": "100", "missing_lines": 0, "excluded_lines": 0}, "missing_lines": [], "excluded_lines": []}, "get_policies": {"executed_lines": [417, 420], "summary": {"covered_lines": 2, "num_statements": 2, "percent_covered": 100.0, "percent_covered_display": "100", "missing_lines": 0, "excluded_lines": 0}, "missing_lines": [], "excluded_lines": []}, "get_current_user": {"executed_lines": [428, 431], "summary": {"covered_lines": 2, "num_statements": 2, "percent_covered": 100.0, "percent_covered_display": "100", "missing_lines": 0, "excluded_lines": 0}, "missing_lines": [], "excluded_lines": []}, "get_integrations": {"executed_lines": [439, 442], "summary": {"covered_lines": 2, "num_statements": 2, "percent_covered": 100.0, "percent_covered_display": "100", "missing_lines": 0, "excluded_lines": 0}, "missing_lines": [], "excluded_lines": []}, "get_intake": {"executed_lines": [450, 453], "summary": {"covered_lines": 2, "num_statements": 2, "percent_covered": 100.0, "percent_covered_display": "100", "missing_lines": 0, "excluded_lines": 0}, "missing_lines": [], "excluded_lines": []}, "post_intake_issue_scoping": {"executed_lines": [464, 465, 466, 467, 469, 470, 475, 478, 479, 480, 482, 484, 489, 492, 494, 496, 497, 499], "summary": {"covered_lines": 18, "num_statements": 18, "percent_covered": 100.0, "percent_covered_display": "100", "missing_lines": 0, "excluded_lines": 0}, "missing_lines": [], "excluded_lines": []}, "post_intake_enrich": {"executed_lines": [507, 509, 511, 522, 524], "summary": {"covered_lines": 5, "num_statements": 5, "percent_covered": 100.0, "percent_covered_display": "100", "missing_lines": 0, "excluded_lines": 0}, "missing_lines": [], "excluded_lines": []}, "post_intake_identify_repository": {"executed_lines": [540, 543, 544, 545, 548, 549, 550, 551, 552, 554, 556, 561, 563, 568, 570], "summary": {"covered_lines": 15, "num_statements": 15, "percent_covered": 100.0, "percent_covered_display": "100", "missing_lines": 0, "excluded_lines": 0}, "missing_lines": [], "excluded_lines": []}, "post_task": {"executed_lines": [581, 584], "summary": {"covered_lines": 2, "num_statements": 2, "percent_covered": 100.0, "percent_covered_display": "100", "missing_lines": 0, "excluded_lines": 0}, "missing_lines": [], "excluded_lines": []}, "post_run": {"executed_lines": [592, 594, 596, 597, 599], "summary": {"covered_lines": 5, "num_statements": 5, "percent_covered": 100.0, "percent_covered_display": "100", "missing_lines": 0, "excluded_lines": 0}, "missing_lines": [], "excluded_lines": []}, "post_approval": {"executed_lines": [610, 612, 614, 615, 617], "summary": {"covered_lines": 5, "num_statements": 5, "percent_covered": 100.0, "percent_covered_display": "100", "missing_lines": 0, "excluded_lines": 0}, "missing_lines": [], "excluded_lines": []}, "post_github_connect": {"executed_lines": [625, 626, 627, 628, 631], "summary": {"covered_lines": 5, "num_statements": 5, "percent_covered": 100.0, "percent_covered_display": "100", "missing_lines": 0, "excluded_lines": 0}, "missing_lines": [], "excluded_lines": []}, "post_linear_connect": {"executed_lines": [639, 640, 641, 642, 645], "summary": {"covered_lines": 5, "num_statements": 5, "percent_covered": 100.0, "percent_covered_display": "100", "missing_lines": 0, "excluded_lines": 0}, "missing_lines": [], "excluded_lines": []}, "post_jira_connect": {"executed_lines": [653, 654, 655, 656, 659], "summary": {"covered_lines": 5, "num_statements": 5, "percent_covered": 100.0, "percent_covered_display": "100", "missing_lines": 0, "excluded_lines": 0}, "missing_lines": [], "excluded_lines": []}, "post_docs_connect": {"executed_lines": [667, 668, 669, 670, 673], "summary": {"covered_lines": 5, "num_statements": 5, "percent_covered": 100.0, "percent_covered_display": "100", "missing_lines": 0, "excluded_lines": 0}, "missing_lines": [], "excluded_lines": []}, "post_cursor_connect": {"executed_lines": [681, 682, 683, 684, 687], "summary": {"covered_lines": 5, "num_statements": 5, "percent_covered": 100.0, "percent_covered_display": "100", "missing_lines": 0, "excluded_lines": 0}, "missing_lines": [], "excluded_lines": []}, "": {"executed_lines": [1, 3, 4, 5, 6, 7, 8, 9, 11, 12, 13, 14, 15, 17, 18, 19, 20, 21, 22, 23, 24, 25, 26, 27, 28, 29, 30, 31, 32, 33, 34, 35, 36, 37, 38, 39, 40, 41, 42, 43, 44, 45, 46, 47, 48, 49, 50, 51, 52, 53, 54, 55, 56, 57, 58, 59, 60, 61, 62, 63, 64, 65, 68, 73, 76, 89, 98, 109, 122, 133, 150, 179, 195, 209, 230, 242, 243, 250, 251, 252, 259, 260, 261, 268, 269, 270, 279, 280, 281, 321, 322, 323, 332, 333, 334, 344, 345, 346, 355, 356, 357, 381, 382, 383, 399, 400, 401, 410, 411, 412, 413, 414, 423, 424, 425, 434, 435, 436, 445, 446, 447, 456, 457, 458, 502, 503, 504, 527, 528, 529, 573, 574, 575, 587, 588, 589, 602, 603, 604, 620, 621, 622, 634, 635, 636, 648, 649, 650, 662, 663, 664, 676, 677, 678], "summary": {"covered_lines": 153, "num_statements": 153, "percent_covered": 100.0, "percent_covered_display": "100", "missing_lines": 0, "excluded_lines": 0}, "missing_lines": [], "excluded_lines": []}}, "classes": {"": {"executed_lines": [1, 3, 4, 5, 6, 7, 8, 9, 11, 12, 13, 14, 15, 17, 18, 19, 20, 21, 22, 23, 24, 25, 26, 27, 28, 29, 30, 31, 32, 33, 34, 35, 36, 37, 38, 39, 40, 41, 42, 43, 44, 45, 46, 47, 48, 49, 50, 51, 52, 53, 54, 55, 56, 57, 58, 59, 60, 61, 62, 63, 64, 65, 68, 73, 76, 79, 80, 82, 84, 87, 89, 98, 101, 102, 103, 106, 109, 115, 116, 119, 122, 125, 127, 130, 133, 142, 143, 145, 147, 150, 153, 163, 165, 171, 173, 174, 176, 179, 182, 184, 186, 187, 189, 190, 192, 195, 198, 199, 201, 203, 206, 209, 212, 213, 227, 230, 233, 236, 242, 243, 247, 250, 251, 252, 256, 259, 260, 261, 265, 268, 269, 270, 273, 276, 279, 280, 281, 284, 286, 288, 289, 290, 292, 294, 296, 297, 299, 301, 303, 304, 305, 310, 312, 318, 321, 322, 323, 326, 329, 332, 333, 334, 338, 341, 344, 345, 346, 349, 352, 355, 356, 357, 368, 371, 373, 375, 376, 378, 381, 382, 383, 389, 391, 393, 394, 396, 399, 400, 401, 404, 407, 410, 411, 412, 413, 414, 417, 420, 423, 424, 425, 428, 431, 434, 435, 436, 439, 442, 445, 446, 447, 450, 453, 456, 457, 458, 464, 465, 466, 467, 469, 470, 475, 478, 479, 480, 482, 484, 489, 492, 494, 496, 497, 499, 502, 503, 504, 507, 509, 511, 522, 524, 527, 528, 529, 540, 543, 544, 545, 548, 549, 550, 551, 552, 554, 556, 561, 563, 568, 570, 573, 574, 575, 581, 584, 587, 588, 589, 592, 594, 596, 597, 599, 602, 603, 604, 610, 612, 614, 615, 617, 620, 621, 622, 625, 626, 627, 628, 631, 634, 635, 636, 639, 640, 641, 642, 645, 648, 649, 650, 653, 654, 655, 656, 659, 662, 663, 664, 667, 668, 669, 670, 673, 676, 677, 678, 681, 682, 683, 684, 687], "summary": {"covered_lines": 320, "num_statements": 320, "percent_covered": 100.0, "percent_covered_display": "100", "missing_lines": 0, "excluded_lines": 0}, "missing_lines": [], "excluded_lines": []}}}, "app\\mock_data.py": {"executed_lines": [1, 3, 4, 7, 212, 218, 237, 244, 250, 257, 261, 269, 273, 280, 284, 291, 295, 296, 298, 301], "summary": {"covered_lines": 19, "num_statements": 19, "percent_covered": 100.0, "percent_covered_display": "100", "missing_lines": 0, "excluded_lines": 0}, "missing_lines": [], "excluded_lines": [], "functions": {"get_dashboard_payload": {"executed_lines": [261], "summary": {"covered_lines": 1, "num_statements": 1, "percent_covered": 100.0, "percent_covered_display": "100", "missing_lines": 0, "excluded_lines": 0}, "missing_lines": [], "excluded_lines": []}, "get_approval_payload": {"executed_lines": [273], "summary": {"covered_lines": 1, "num_statements": 1, "percent_covered": 100.0, "percent_covered_display": "100", "missing_lines": 0, "excluded_lines": 0}, "missing_lines": [], "excluded_lines": []}, "get_policy_payload": {"executed_lines": [284], "summary": {"covered_lines": 1, "num_statements": 1, "percent_covered": 100.0, "percent_covered_display": "100", "missing_lines": 0, "excluded_lines": 0}, "missing_lines": [], "excluded_lines": []}, "get_run_by_id": {"executed_lines": [295, 296, 298, 301], "summary": {"covered_lines": 4, "num_statements": 4, "percent_covered": 100.0, "percent_covered_display": "100", "missing_lines": 0, "excluded_lines": 0}, "missing_lines": [], "excluded_lines": []}, "": {"executed_lines": [1, 3, 4, 7, 212, 218, 237, 244, 250, 257, 269, 280, 291], "summary": {"covered_lines": 12, "num_statements": 12, "percent_covered": 100.0, "percent_covered_display": "100", "missing_lines": 0, "excluded_lines": 0}, "missing_lines": [], "excluded_lines": []}}, "classes": {"": {"executed_lines": [1, 3, 4, 7, 212, 218, 237, 244, 250, 257, 261, 269, 273, 280, 284, 291, 295, 296, 298, 301], "summary": {"covered_lines": 19, "num_statements": 19, "percent_covered": 100.0, "percent_covered_display": "100", "missing_lines": 0, "excluded_lines": 0}, "missing_lines": [], "excluded_lines": []}}}, "app\\providers.py": {"executed_lines": [1, 3, 4, 5, 6, 7, 8, 9, 10, 11, 13, 17, 23, 29, 35, 36, 39, 43, 46, 55, 57, 59, 61, 63, 65, 67, 69, 71, 74, 77, 79, 81, 84, 87, 90, 92, 94, 96, 98, 101, 104, 107, 109, 111, 114, 117, 120, 121, 124, 130, 133, 134, 135, 137, 139, 140, 142, 144, 146, 148, 149, 151, 152, 154, 156, 159, 162, 165, 167, 169, 171, 175, 185, 186, 192, 194, 196, 198, 200, 202, 204, 206, 209, 212, 215, 216, 219, 226, 235, 237, 239, 241, 243, 249, 251, 254, 262, 264, 266, 268, 269, 276, 277, 279, 280, 282, 285, 288, 290, 292, 295, 298, 301, 303, 305, 307, 308, 312, 314, 317, 320, 330, 332, 334, 336, 351, 352, 358, 360, 361, 363, 366, 369, 372, 374, 376, 378, 379, 383, 385, 386, 388, 391, 394, 397, 399, 422, 445, 448, 451, 464, 468, 494, 497, 499, 501, 503, 505, 507, 509, 511, 513, 516, 519, 522, 524, 526, 528, 530, 532, 534, 536, 538, 540, 542, 544, 547, 550, 553, 555, 557, 559, 561, 563, 565, 567, 569, 571, 573, 575, 578, 581, 584, 587, 593, 601, 603, 605, 607, 609, 611, 613, 619, 621, 624, 627, 629, 631, 633, 635, 637, 639, 641, 643, 645, 647, 649, 651, 653, 655, 657, 659, 661, 664, 670, 673, 674, 677, 678, 680, 682, 684, 685, 687, 690, 693, 696, 697, 699, 701, 703, 730, 732, 734, 736, 738, 740, 741, 742, 744, 746, 748, 749, 751, 753, 755, 778, 780, 782, 784, 786, 788, 790, 792, 795, 798, 801, 803, 804, 806, 809, 810, 812, 815, 818, 821, 824, 833, 836, 837, 839, 841, 843, 846, 848, 850, 853, 854, 856, 859, 860, 863, 866, 869, 871, 873, 875, 877, 879, 881, 882, 884, 885, 886, 888, 891, 904, 907, 910, 912, 914, 916, 921, 922, 936, 939, 940, 941, 947, 949, 951, 953, 955, 957, 959, 961, 962, 971, 973, 975, 977, 979, 981, 982, 988, 990, 992, 994, 996, 998, 1001, 1002, 1017, 1020, 1023, 1025, 1027, 1029, 1032, 1035, 1038, 1040, 1042, 1043, 1046, 1047, 1049, 1051, 1054, 1056, 1057, 1058, 1060, 1062, 1064, 1066, 1068, 1069, 1071, 1073, 1076, 1079, 1082, 1085, 1087, 1088, 1090, 1092, 1095, 1098, 1101, 1103, 1105, 1107, 1108, 1111, 1117, 1120, 1137, 1139, 1141, 1143, 1145, 1147, 1148, 1151, 1152, 1154, 1156, 1158, 1160, 1162, 1163, 1165, 1167, 1169, 1170, 1185, 1188, 1191, 1193, 1195, 1198, 1201, 1204, 1205, 1208, 1209, 1210, 1211, 1213, 1215, 1217, 1219, 1221, 1223, 1224, 1226, 1228, 1230, 1232, 1235, 1238, 1241, 1242, 1244, 1246, 1248, 1253, 1255, 1257, 1259, 1261, 1263, 1265, 1267, 1269, 1270, 1271, 1273, 1275, 1277, 1279, 1281, 1286, 1288, 1290, 1292, 1294, 1296, 1301, 1303, 1305, 1307, 1309, 1311, 1314, 1321, 1324, 1330, 1331, 1334, 1342, 1345, 1347, 1355, 1357, 1364, 1365, 1368, 1377, 1379, 1386, 1388, 1395, 1396, 1399, 1407, 1410, 1413, 1414, 1415, 1416, 1417, 1418, 1419, 1420, 1423, 1555, 1556, 1560, 1568, 1585, 1588, 1590, 1591, 1593, 1595, 1597, 1600, 1603, 1613, 1614, 1616, 1618, 1621, 1630, 1631, 1633, 1635, 1637, 1639, 1640, 1642, 1645, 1659, 1661, 1663, 1665, 1667, 1671, 1673, 1675, 1678, 1679, 1680, 1682, 1684, 1686, 1688, 1689, 1691, 1693, 1695, 1697, 1698, 1700, 1702, 1704, 1706, 1707, 1709, 1715, 1718, 1721, 1725, 1726, 1728, 1731, 1734, 1750, 1752, 1754, 1757, 1758, 1760, 1762, 1764, 1765, 1767, 1769, 1770, 1772, 1774, 1775, 1780, 1782, 1783, 1790, 1791, 1793, 1795, 1797, 1801, 1803, 1805, 1807, 1809, 1811, 1813, 1815, 1822, 1825, 1828, 1829, 1831, 1833, 1835, 1836, 1838, 1840, 1843, 1844, 1845, 1848, 1850, 1851, 1853, 1855, 1857, 1858, 1859, 1861, 1863, 1866, 1869, 1872, 1874, 1876, 1878, 1880, 1882, 1884, 1887, 1890, 1903, 1904, 1906, 1914, 1923, 1925, 1938, 1944, 1952, 1955, 1957, 1959, 1961, 1964, 1971, 1976, 1979, 1982, 1984, 1986, 1988, 1989, 1990, 1992, 1993, 1996, 1997, 1998, 2000, 2002, 2004, 2007, 2010, 2024, 2026, 2028, 2032, 2034, 2040, 2042, 2044, 2046, 2057, 2061, 2066, 2068, 2070, 2076, 2078, 2079, 2080, 2081, 2083, 2086, 2088, 2091, 2093, 2097, 2100, 2108, 2114, 2117, 2118, 2119, 2120, 2121, 2122, 2123, 2124, 2126, 2133, 2148, 2156, 2162, 2169, 2170, 2172, 2173, 2175, 2177, 2179, 2180, 2182, 2186, 2188, 2192, 2193, 2195, 2197, 2201, 2204, 2205, 2206, 2207, 2209, 2210, 2211, 2212, 2215, 2216, 2217, 2218, 2219, 2222, 2223, 2224, 2225, 2226, 2229, 2230, 2231, 2232, 2235, 2241, 2248, 2250, 2254, 2256, 2260, 2261, 2265, 2271, 2273, 2275, 2281, 2283, 2284, 2285, 2286, 2288, 2292, 2294, 2297, 2299, 2303, 2304, 2307, 2315, 2329, 2330, 2331, 2332, 2333, 2334, 2335, 2338, 2344, 2345, 2346, 2347, 2348, 2350, 2362, 2364, 2380, 2386, 2397, 2398, 2400, 2401, 2403, 2405, 2407, 2408, 2410, 2414, 2416, 2420, 2421, 2423, 2428, 2429, 2430, 2431, 2432, 2433, 2434, 2436, 2437, 2438, 2439, 2440, 2441, 2443, 2445, 2449, 2450, 2451, 2453, 2455, 2458, 2466, 2479, 2481, 2485, 2487, 2491, 2493, 2497, 2498, 2504, 2508, 2514, 2516, 2518, 2524, 2526, 2527, 2528, 2529, 2531, 2535, 2537, 2540, 2542, 2546, 2547, 2550, 2560, 2564, 2565, 2566, 2567, 2568, 2569, 2570, 2571, 2572, 2575, 2576, 2577, 2578, 2579, 2580, 2582, 2585, 2586, 2587, 2588, 2591, 2599, 2603, 2604, 2605, 2607, 2609, 2621, 2628, 2634, 2638, 2639, 2641, 2642, 2644, 2646, 2648, 2649, 2651, 2655, 2657, 2661, 2663, 2665, 2669, 2672, 2673, 2674, 2676, 2678, 2679, 2682, 2683, 2685, 2688, 2691, 2703, 2705, 2709, 2711, 2715, 2721, 2723, 2725, 2731, 2733, 2734, 2735, 2736, 2738, 2742, 2744, 2747, 2749, 2753, 2754, 2757, 2764, 2772, 2774, 2776, 2778, 2780, 2783, 2790, 2793, 2798, 2800, 2803, 2806, 2814, 2816, 2818, 2819, 2821, 2824, 2832, 2834, 2835, 2836, 2838, 2840, 2842, 2845, 2848, 2851, 2852, 2855, 2856, 2858, 2860, 2862, 2864, 2865, 2868, 2871, 2881, 2883, 2885, 2887, 2889, 2891, 2898, 2900, 2902, 2903, 2904, 2905, 2911, 2912, 2913, 2918, 2924, 2926, 2927, 2929, 2930, 2932, 2935, 2938, 2953, 2956, 2959, 2960, 2962, 2964, 2967], "summary": {"covered_lines": 988, "num_statements": 988, "percent_covered": 100.0, "percent_covered_display": "100", "missing_lines": 0, "excluded_lines": 0}, "missing_lines": [], "excluded_lines": [], "functions": {"_utc_timestamp": {"executed_lines": [43], "summary": {"covered_lines": 1, "num_statements": 1, "percent_covered": 100.0, "percent_covered_display": "100", "missing_lines": 0, "excluded_lines": 0}, "missing_lines": [], "excluded_lines": []}, "_request_json": {"executed_lines": [55, 57, 59, 61, 63, 65, 67, 69, 71], "summary": {"covered_lines": 9, "num_statements": 9, "percent_covered": 100.0, "percent_covered_display": "100", "missing_lines": 0, "excluded_lines": 0}, "missing_lines": [], "excluded_lines": []}, "normalize_linear_api_key": {"executed_lines": [77, 79, 81, 84], "summary": {"covered_lines": 4, "num_statements": 4, "percent_covered": 100.0, "percent_covered_display": "100", "missing_lines": 0, "excluded_lines": 0}, "missing_lines": [], "excluded_lines": []}, "normalize_jira_site_url": {"executed_lines": [90, 92, 94, 96, 98, 101], "summary": {"covered_lines": 6, "num_statements": 6, "percent_covered": 100.0, "percent_covered_display": "100", "missing_lines": 0, "excluded_lines": 0}, "missing_lines": [], "excluded_lines": []}, "normalize_cursor_api_key": {"executed_lines": [107, 109, 111, 114], "summary": {"covered_lines": 4, "num_statements": 4, "percent_covered": 100.0, "percent_covered_display": "100", "missing_lines": 0, "excluded_lines": 0}, "missing_lines": [], "excluded_lines": []}, "_build_cursor_headers": {"executed_lines": [120, 121, 124], "summary": {"covered_lines": 3, "num_statements": 3, "percent_covered": 100.0, "percent_covered_display": "100", "missing_lines": 0, "excluded_lines": 0}, "missing_lines": [], "excluded_lines": []}, "_extract_provider_error_message": {"executed_lines": [133, 134, 135, 137, 139, 140, 142, 144, 146, 148, 149, 151, 152, 154, 156, 159], "summary": {"covered_lines": 16, "num_statements": 16, "percent_covered": 100.0, "percent_covered_display": "100", "missing_lines": 0, "excluded_lines": 0}, "missing_lines": [], "excluded_lines": []}, "is_linear_connected": {"executed_lines": [165, 167, 169, 171, 175, 185, 186, 192, 194, 196, 198, 200, 202, 204, 206, 209], "summary": {"covered_lines": 16, "num_statements": 16, "percent_covered": 100.0, "percent_covered_display": "100", "missing_lines": 0, "excluded_lines": 0}, "missing_lines": [], "excluded_lines": []}, "_build_jira_headers": {"executed_lines": [215, 216, 219], "summary": {"covered_lines": 3, "num_statements": 3, "percent_covered": 100.0, "percent_covered_display": "100", "missing_lines": 0, "excluded_lines": 0}, "missing_lines": [], "excluded_lines": []}, "_request_jira_json": {"executed_lines": [235, 237, 239, 241, 243, 249, 251], "summary": {"covered_lines": 7, "num_statements": 7, "percent_covered": 100.0, "percent_covered_display": "100", "missing_lines": 0, "excluded_lines": 0}, "missing_lines": [], "excluded_lines": []}, "_request_jira_transition_update": {"executed_lines": [262, 264, 266, 268, 269, 276, 277, 279, 280, 282], "summary": {"covered_lines": 10, "num_statements": 10, "percent_covered": 100.0, "percent_covered_display": "100", "missing_lines": 0, "excluded_lines": 0}, "missing_lines": [], "excluded_lines": []}, "is_jira_connected": {"executed_lines": [288, 290, 292, 295], "summary": {"covered_lines": 4, "num_statements": 4, "percent_covered": 100.0, "percent_covered_display": "100", "missing_lines": 0, "excluded_lines": 0}, "missing_lines": [], "excluded_lines": []}, "is_cursor_connected": {"executed_lines": [301, 303, 305, 307, 308, 312, 314, 317], "summary": {"covered_lines": 8, "num_statements": 8, "percent_covered": 100.0, "percent_covered_display": "100", "missing_lines": 0, "excluded_lines": 0}, "missing_lines": [], "excluded_lines": []}, "launch_cursor_agent": {"executed_lines": [330, 332, 334, 336, 351, 352, 358, 360, 361, 363, 366], "summary": {"covered_lines": 11, "num_statements": 11, "percent_covered": 100.0, "percent_covered_display": "100", "missing_lines": 0, "excluded_lines": 0}, "missing_lines": [], "excluded_lines": []}, "get_cursor_agent": {"executed_lines": [372, 374, 376, 378, 379, 383, 385, 386, 388, 391], "summary": {"covered_lines": 10, "num_statements": 10, "percent_covered": 100.0, "percent_covered_display": "100", "missing_lines": 0, "excluded_lines": 0}, "missing_lines": [], "excluded_lines": []}, "_build_linear_issue_query": {"executed_lines": [397, 399, 422], "summary": {"covered_lines": 3, "num_statements": 3, "percent_covered": 100.0, "percent_covered_display": "100", "missing_lines": 0, "excluded_lines": 0}, "missing_lines": [], "excluded_lines": []}, "_build_linear_team_lookup_query": {"executed_lines": [448, 451], "summary": {"covered_lines": 2, "num_statements": 2, "percent_covered": 100.0, "percent_covered_display": "100", "missing_lines": 0, "excluded_lines": 0}, "missing_lines": [], "excluded_lines": []}, "_build_linear_team_issue_query": {"executed_lines": [468], "summary": {"covered_lines": 1, "num_statements": 1, "percent_covered": 100.0, "percent_covered_display": "100", "missing_lines": 0, "excluded_lines": 0}, "missing_lines": [], "excluded_lines": []}, "_extract_linear_issue_nodes": {"executed_lines": [497, 499, 501, 503, 505, 507, 509, 511, 513, 516], "summary": {"covered_lines": 10, "num_statements": 10, "percent_covered": 100.0, "percent_covered_display": "100", "missing_lines": 0, "excluded_lines": 0}, "missing_lines": [], "excluded_lines": []}, "_extract_linear_team_node": {"executed_lines": [522, 524, 526, 528, 530, 532, 534, 536, 538, 540, 542, 544, 547], "summary": {"covered_lines": 13, "num_statements": 13, "percent_covered": 100.0, "percent_covered_display": "100", "missing_lines": 0, "excluded_lines": 0}, "missing_lines": [], "excluded_lines": []}, "_extract_linear_team_issue_nodes": {"executed_lines": [553, 555, 557, 559, 561, 563, 565, 567, 569, 571, 573, 575, 578], "summary": {"covered_lines": 13, "num_statements": 13, "percent_covered": 100.0, "percent_covered_display": "100", "missing_lines": 0, "excluded_lines": 0}, "missing_lines": [], "excluded_lines": []}, "_build_linear_headers": {"executed_lines": [584, 587], "summary": {"covered_lines": 2, "num_statements": 2, "percent_covered": 100.0, "percent_covered_display": "100", "missing_lines": 0, "excluded_lines": 0}, "missing_lines": [], "excluded_lines": []}, "_request_linear_graphql": {"executed_lines": [601, 603, 605, 607, 609, 611, 613, 619, 621], "summary": {"covered_lines": 9, "num_statements": 9, "percent_covered": 100.0, "percent_covered_display": "100", "missing_lines": 0, "excluded_lines": 0}, "missing_lines": [], "excluded_lines": []}, "_extract_linear_issue_state_catalog": {"executed_lines": [627, 629, 631, 633, 635, 637, 639, 641, 643, 645, 647, 649, 651, 653, 655, 657, 659, 661, 664], "summary": {"covered_lines": 19, "num_statements": 19, "percent_covered": 100.0, "percent_covered_display": "100", "missing_lines": 0, "excluded_lines": 0}, "missing_lines": [], "excluded_lines": []}, "_find_linear_state_node": {"executed_lines": [673, 674, 677, 678, 680, 682, 684, 685, 687, 690], "summary": {"covered_lines": 10, "num_statements": 10, "percent_covered": 100.0, "percent_covered_display": "100", "missing_lines": 0, "excluded_lines": 0}, "missing_lines": [], "excluded_lines": []}, "update_linear_issue_status": {"executed_lines": [696, 697, 699, 701, 703, 730, 732, 734, 736, 738, 740, 741, 742, 744, 746, 748, 749, 751, 753, 755, 778, 780, 782, 784, 786, 788, 790, 792, 795], "summary": {"covered_lines": 29, "num_statements": 29, "percent_covered": 100.0, "percent_covered_display": "100", "missing_lines": 0, "excluded_lines": 0}, "missing_lines": [], "excluded_lines": []}, "_read_markdown_title": {"executed_lines": [801, 803, 804, 806, 809, 810, 812, 815], "summary": {"covered_lines": 8, "num_statements": 8, "percent_covered": 100.0, "percent_covered_display": "100", "missing_lines": 0, "excluded_lines": 0}, "missing_lines": [], "excluded_lines": []}, "_to_document_record": {"executed_lines": [821, 824], "summary": {"covered_lines": 2, "num_statements": 2, "percent_covered": 100.0, "percent_covered_display": "100", "missing_lines": 0, "excluded_lines": 0}, "missing_lines": [], "excluded_lines": []}, "list_repo_documents": {"executed_lines": [836, 837, 839, 841, 843, 846, 848, 850, 853, 854, 856, 859, 860, 863], "summary": {"covered_lines": 14, "num_statements": 14, "percent_covered": 100.0, "percent_covered_display": "100", "missing_lines": 0, "excluded_lines": 0}, "missing_lines": [], "excluded_lines": []}, "list_github_repositories": {"executed_lines": [869, 871, 873, 875, 877, 879, 881, 882, 884, 885, 886, 888, 891, 904], "summary": {"covered_lines": 14, "num_statements": 14, "percent_covered": 100.0, "percent_covered_display": "100", "missing_lines": 0, "excluded_lines": 0}, "missing_lines": [], "excluded_lines": []}, "list_linear_issues": {"executed_lines": [910, 912, 914, 916, 921, 922, 936, 939, 940, 941, 947, 949, 951, 953, 955, 957, 959, 961, 962, 971, 973, 975, 977, 979, 981, 982, 988, 990, 992, 994, 996, 998, 1001, 1002, 1017], "summary": {"covered_lines": 35, "num_statements": 35, "percent_covered": 100.0, "percent_covered_display": "100", "missing_lines": 0, "excluded_lines": 0}, "missing_lines": [], "excluded_lines": []}, "_build_jira_search_jql": {"executed_lines": [1023, 1025, 1027, 1029, 1032], "summary": {"covered_lines": 5, "num_statements": 5, "percent_covered": 100.0, "percent_covered_display": "100", "missing_lines": 0, "excluded_lines": 0}, "missing_lines": [], "excluded_lines": []}, "_extract_jira_description_text": {"executed_lines": [1038, 1040, 1042, 1043, 1046, 1047, 1049, 1051, 1054, 1056, 1057, 1058, 1060, 1062, 1064, 1066, 1068, 1069, 1071, 1073, 1076, 1079], "summary": {"covered_lines": 22, "num_statements": 22, "percent_covered": 100.0, "percent_covered_display": "100", "missing_lines": 0, "excluded_lines": 0}, "missing_lines": [], "excluded_lines": []}, "_normalize_jira_priority": {"executed_lines": [1085, 1087, 1088, 1090, 1092, 1095], "summary": {"covered_lines": 6, "num_statements": 6, "percent_covered": 100.0, "percent_covered_display": "100", "missing_lines": 0, "excluded_lines": 0}, "missing_lines": [], "excluded_lines": []}, "_normalize_jira_assignee": {"executed_lines": [1101, 1103, 1105, 1107, 1108, 1111], "summary": {"covered_lines": 6, "num_statements": 6, "percent_covered": 100.0, "percent_covered_display": "100", "missing_lines": 0, "excluded_lines": 0}, "missing_lines": [], "excluded_lines": []}, "list_jira_issues": {"executed_lines": [1120, 1137, 1139, 1141, 1143, 1145, 1147, 1148, 1151, 1152, 1154, 1156, 1158, 1160, 1162, 1163, 1165, 1167, 1169, 1170, 1185], "summary": {"covered_lines": 21, "num_statements": 21, "percent_covered": 100.0, "percent_covered_display": "100", "missing_lines": 0, "excluded_lines": 0}, "missing_lines": [], "excluded_lines": []}, "_extract_jira_status_category_name": {"executed_lines": [1191, 1193, 1195, 1198], "summary": {"covered_lines": 4, "num_statements": 4, "percent_covered": 100.0, "percent_covered_display": "100", "missing_lines": 0, "excluded_lines": 0}, "missing_lines": [], "excluded_lines": []}, "_find_jira_transition": {"executed_lines": [1204, 1205, 1208, 1209, 1210, 1211, 1213, 1215, 1217, 1219, 1221, 1223, 1224, 1226, 1228, 1230, 1232, 1235], "summary": {"covered_lines": 18, "num_statements": 18, "percent_covered": 100.0, "percent_covered_display": "100", "missing_lines": 0, "excluded_lines": 0}, "missing_lines": [], "excluded_lines": []}, "update_jira_issue_status": {"executed_lines": [1241, 1242, 1244, 1246, 1248, 1253, 1255, 1257, 1259, 1261, 1263, 1265, 1267, 1269, 1270, 1271, 1273, 1275, 1277, 1279, 1281, 1286, 1288, 1290, 1292, 1294, 1296, 1301, 1303, 1305, 1307, 1309, 1311, 1314], "summary": {"covered_lines": 34, "num_statements": 34, "percent_covered": 100.0, "percent_covered_display": "100", "missing_lines": 0, "excluded_lines": 0}, "missing_lines": [], "excluded_lines": []}, "resolve_current_user": {"executed_lines": [1324, 1330, 1331, 1334], "summary": {"covered_lines": 4, "num_statements": 4, "percent_covered": 100.0, "percent_covered_display": "100", "missing_lines": 0, "excluded_lines": 0}, "missing_lines": [], "excluded_lines": []}, "_build_connection_payload": {"executed_lines": [1345, 1347, 1355, 1357, 1364, 1365, 1368, 1377, 1379, 1386, 1388, 1395, 1396, 1399, 1407], "summary": {"covered_lines": 15, "num_statements": 15, "percent_covered": 100.0, "percent_covered_display": "100", "missing_lines": 0, "excluded_lines": 0}, "missing_lines": [], "excluded_lines": []}, "get_integration_statuses": {"executed_lines": [1413, 1414, 1415, 1416, 1417, 1418, 1419, 1420, 1423], "summary": {"covered_lines": 9, "num_statements": 9, "percent_covered": 100.0, "percent_covered_display": "100", "missing_lines": 0, "excluded_lines": 0}, "missing_lines": [], "excluded_lines": []}, "_read_doc_excerpt": {"executed_lines": [1588, 1590, 1591, 1593, 1595, 1597, 1600], "summary": {"covered_lines": 7, "num_statements": 7, "percent_covered": 100.0, "percent_covered_display": "100", "missing_lines": 0, "excluded_lines": 0}, "missing_lines": [], "excluded_lines": []}, "_fetch_github_json_body": {"executed_lines": [1613, 1614, 1616, 1618], "summary": {"covered_lines": 4, "num_statements": 4, "percent_covered": 100.0, "percent_covered_display": "100", "missing_lines": 0, "excluded_lines": 0}, "missing_lines": [], "excluded_lines": []}, "_decode_github_contents_body": {"executed_lines": [1630, 1631, 1633, 1635, 1637, 1639, 1640, 1642], "summary": {"covered_lines": 8, "num_statements": 8, "percent_covered": 100.0, "percent_covered_display": "100", "missing_lines": 0, "excluded_lines": 0}, "missing_lines": [], "excluded_lines": []}, "_list_github_markdown_paths": {"executed_lines": [1659, 1661, 1663, 1665, 1667, 1671, 1673, 1675, 1678, 1679, 1680, 1682, 1684, 1686, 1688, 1689, 1691, 1693, 1695, 1697, 1698, 1700, 1702, 1704, 1706, 1707, 1709, 1715, 1718], "summary": {"covered_lines": 29, "num_statements": 29, "percent_covered": 100.0, "percent_covered_display": "100", "missing_lines": 0, "excluded_lines": 0}, "missing_lines": [], "excluded_lines": []}, "_format_remote_doc_section": {"executed_lines": [1725, 1726, 1728, 1731], "summary": {"covered_lines": 4, "num_statements": 4, "percent_covered": 100.0, "percent_covered_display": "100", "missing_lines": 0, "excluded_lines": 0}, "missing_lines": [], "excluded_lines": []}, "_fetch_remote_repo_doc_context": {"executed_lines": [1750, 1752, 1754, 1757, 1758, 1760, 1762, 1764, 1765, 1767, 1769, 1770, 1772, 1774, 1775, 1780, 1782, 1783, 1790, 1791, 1793, 1795, 1797, 1801, 1803, 1805, 1807, 1809, 1811, 1813, 1815, 1822], "summary": {"covered_lines": 32, "num_statements": 32, "percent_covered": 100.0, "percent_covered_display": "100", "missing_lines": 0, "excluded_lines": 0}, "missing_lines": [], "excluded_lines": []}, "_collect_doc_context": {"executed_lines": [1828, 1829, 1831, 1833, 1835, 1836, 1838, 1840, 1843, 1844, 1845, 1848, 1850, 1851, 1853, 1855, 1857, 1858, 1859, 1861, 1863, 1866], "summary": {"covered_lines": 22, "num_statements": 22, "percent_covered": 100.0, "percent_covered_display": "100", "missing_lines": 0, "excluded_lines": 0}, "missing_lines": [], "excluded_lines": []}, "_normalize_enrichment_field": {"executed_lines": [1872, 1874, 1876, 1878, 1880, 1882, 1884, 1887], "summary": {"covered_lines": 8, "num_statements": 8, "percent_covered": 100.0, "percent_covered_display": "100", "missing_lines": 0, "excluded_lines": 0}, "missing_lines": [], "excluded_lines": []}, "_build_enrichment_messages": {"executed_lines": [1903, 1904, 1906, 1914, 1923, 1925, 1938], "summary": {"covered_lines": 7, "num_statements": 7, "percent_covered": 100.0, "percent_covered_display": "100", "missing_lines": 0, "excluded_lines": 0}, "missing_lines": [], "excluded_lines": []}, "_build_uploaded_doc_context": {"executed_lines": [1952, 1955, 1957, 1959, 1961, 1964, 1971, 1976], "summary": {"covered_lines": 8, "num_statements": 8, "percent_covered": 100.0, "percent_covered_display": "100", "missing_lines": 0, "excluded_lines": 0}, "missing_lines": [], "excluded_lines": []}, "_extract_openai_message": {"executed_lines": [1982, 1984, 1986, 1988, 1989, 1990, 1992, 1993, 1996, 1997, 1998, 2000, 2002, 2004, 2007], "summary": {"covered_lines": 15, "num_statements": 15, "percent_covered": 100.0, "percent_covered_display": "100", "missing_lines": 0, "excluded_lines": 0}, "missing_lines": [], "excluded_lines": []}, "enrich_intake_field": {"executed_lines": [2024, 2026, 2028, 2032, 2034, 2040, 2042, 2044, 2046, 2057, 2061, 2066, 2068, 2070, 2076, 2078, 2079, 2080, 2081, 2083, 2086, 2088, 2091, 2093, 2097, 2100], "summary": {"covered_lines": 26, "num_statements": 26, "percent_covered": 100.0, "percent_covered_display": "100", "missing_lines": 0, "excluded_lines": 0}, "missing_lines": [], "excluded_lines": []}, "_build_issue_scope_classification_messages": {"executed_lines": [2114, 2117, 2118, 2119, 2120, 2121, 2122, 2123, 2124, 2126, 2133, 2148, 2156], "summary": {"covered_lines": 13, "num_statements": 13, "percent_covered": 100.0, "percent_covered_display": "100", "missing_lines": 0, "excluded_lines": 0}, "missing_lines": [], "excluded_lines": []}, "_parse_issue_scope_classification_response": {"executed_lines": [2169, 2170, 2172, 2173, 2175, 2177, 2179, 2180, 2182, 2186, 2188, 2192, 2193, 2195, 2197, 2201, 2204, 2205, 2206, 2207, 2209, 2210, 2211, 2212, 2215, 2216, 2217, 2218, 2219, 2222, 2223, 2224, 2225, 2226, 2229, 2230, 2231, 2232, 2235], "summary": {"covered_lines": 39, "num_statements": 39, "percent_covered": 100.0, "percent_covered_display": "100", "missing_lines": 0, "excluded_lines": 0}, "missing_lines": [], "excluded_lines": []}, "classify_intake_issues_by_scope": {"executed_lines": [2248, 2250, 2254, 2256, 2260, 2261, 2265, 2271, 2273, 2275, 2281, 2283, 2284, 2285, 2286, 2288, 2292, 2294, 2297, 2299, 2303, 2304, 2307], "summary": {"covered_lines": 23, "num_statements": 23, "percent_covered": 100.0, "percent_covered_display": "100", "missing_lines": 0, "excluded_lines": 0}, "missing_lines": [], "excluded_lines": []}, "_build_repo_identification_messages": {"executed_lines": [2329, 2330, 2331, 2332, 2333, 2334, 2335, 2338, 2344, 2345, 2346, 2347, 2348, 2350, 2362, 2364, 2380], "summary": {"covered_lines": 17, "num_statements": 17, "percent_covered": 100.0, "percent_covered_display": "100", "missing_lines": 0, "excluded_lines": 0}, "missing_lines": [], "excluded_lines": []}, "_parse_repo_identification_response": {"executed_lines": [2397, 2398, 2400, 2401, 2403, 2405, 2407, 2408, 2410, 2414, 2416, 2420, 2421, 2423, 2428, 2429, 2430, 2431, 2432, 2433, 2434, 2436, 2437, 2438, 2439, 2440, 2441, 2443, 2445, 2449, 2450, 2451, 2453, 2455, 2458], "summary": {"covered_lines": 35, "num_statements": 35, "percent_covered": 100.0, "percent_covered_display": "100", "missing_lines": 0, "excluded_lines": 0}, "missing_lines": [], "excluded_lines": []}, "identify_repository_for_issue": {"executed_lines": [2479, 2481, 2485, 2487, 2491, 2493, 2497, 2498, 2504, 2508, 2514, 2516, 2518, 2524, 2526, 2527, 2528, 2529, 2531, 2535, 2537, 2540, 2542, 2546, 2547, 2550], "summary": {"covered_lines": 26, "num_statements": 26, "percent_covered": 100.0, "percent_covered_display": "100", "missing_lines": 0, "excluded_lines": 0}, "missing_lines": [], "excluded_lines": []}, "_summarize_run_for_suggestions": {"executed_lines": [2564, 2565, 2566, 2567, 2568, 2569, 2570, 2571, 2572, 2575, 2576, 2577, 2578, 2579, 2580, 2582, 2585, 2586, 2587, 2588, 2591], "summary": {"covered_lines": 21, "num_statements": 21, "percent_covered": 100.0, "percent_covered_display": "100", "missing_lines": 0, "excluded_lines": 0}, "missing_lines": [], "excluded_lines": []}, "_build_suggested_actions_messages": {"executed_lines": [2603, 2604, 2605, 2607, 2609, 2621, 2628], "summary": {"covered_lines": 7, "num_statements": 7, "percent_covered": 100.0, "percent_covered_display": "100", "missing_lines": 0, "excluded_lines": 0}, "missing_lines": [], "excluded_lines": []}, "_parse_suggested_actions_response": {"executed_lines": [2638, 2639, 2641, 2642, 2644, 2646, 2648, 2649, 2651, 2655, 2657, 2661, 2663, 2665, 2669, 2672, 2673, 2674, 2676, 2678, 2679, 2682, 2683, 2685, 2688], "summary": {"covered_lines": 25, "num_statements": 25, "percent_covered": 100.0, "percent_covered_display": "100", "missing_lines": 0, "excluded_lines": 0}, "missing_lines": [], "excluded_lines": []}, "suggest_next_actions_for_runs": {"executed_lines": [2703, 2705, 2709, 2711, 2715, 2721, 2723, 2725, 2731, 2733, 2734, 2735, 2736, 2738, 2742, 2744, 2747, 2749, 2753, 2754, 2757], "summary": {"covered_lines": 21, "num_statements": 21, "percent_covered": 100.0, "percent_covered_display": "100", "missing_lines": 0, "excluded_lines": 0}, "missing_lines": [], "excluded_lines": []}, "parse_github_pull_request_url": {"executed_lines": [2772, 2774, 2776, 2778, 2780, 2783], "summary": {"covered_lines": 6, "num_statements": 6, "percent_covered": 100.0, "percent_covered_display": "100", "missing_lines": 0, "excluded_lines": 0}, "missing_lines": [], "excluded_lines": []}, "_build_github_request_headers": {"executed_lines": [2793, 2798, 2800, 2803], "summary": {"covered_lines": 4, "num_statements": 4, "percent_covered": 100.0, "percent_covered_display": "100", "missing_lines": 0, "excluded_lines": 0}, "missing_lines": [], "excluded_lines": []}, "_fetch_github_pull_request_payload": {"executed_lines": [2814, 2816, 2818, 2819, 2821], "summary": {"covered_lines": 5, "num_statements": 5, "percent_covered": 100.0, "percent_covered_display": "100", "missing_lines": 0, "excluded_lines": 0}, "missing_lines": [], "excluded_lines": []}, "_fetch_github_pull_request_reviews": {"executed_lines": [2832, 2834, 2835, 2836, 2838, 2840, 2842, 2845], "summary": {"covered_lines": 8, "num_statements": 8, "percent_covered": 100.0, "percent_covered_display": "100", "missing_lines": 0, "excluded_lines": 0}, "missing_lines": [], "excluded_lines": []}, "_extract_latest_approved_review": {"executed_lines": [2851, 2852, 2855, 2856, 2858, 2860, 2862, 2864, 2865, 2868], "summary": {"covered_lines": 10, "num_statements": 10, "percent_covered": 100.0, "percent_covered_display": "100", "missing_lines": 0, "excluded_lines": 0}, "missing_lines": [], "excluded_lines": []}, "fetch_github_pull_request_status": {"executed_lines": [2881, 2883, 2885, 2887, 2889, 2891, 2898, 2900, 2902, 2903, 2904, 2905, 2911, 2912, 2913, 2918, 2924, 2926, 2927, 2929, 2930, 2932, 2935, 2938], "summary": {"covered_lines": 24, "num_statements": 24, "percent_covered": 100.0, "percent_covered_display": "100", "missing_lines": 0, "excluded_lines": 0}, "missing_lines": [], "excluded_lines": []}, "summarize_repository_names": {"executed_lines": [2956, 2959, 2960, 2962, 2964, 2967], "summary": {"covered_lines": 6, "num_statements": 6, "percent_covered": 100.0, "percent_covered_display": "100", "missing_lines": 0, "excluded_lines": 0}, "missing_lines": [], "excluded_lines": []}, "": {"executed_lines": [1, 3, 4, 5, 6, 7, 8, 9, 10, 11, 13, 17, 23, 29, 35, 36, 39, 46, 74, 87, 104, 117, 130, 162, 212, 226, 254, 285, 298, 320, 369, 394, 445, 464, 494, 519, 550, 581, 593, 624, 670, 693, 798, 818, 833, 866, 907, 1020, 1035, 1082, 1098, 1117, 1188, 1201, 1238, 1321, 1342, 1410, 1555, 1556, 1560, 1568, 1585, 1603, 1621, 1645, 1721, 1734, 1825, 1869, 1890, 1944, 1979, 2010, 2108, 2162, 2241, 2315, 2386, 2466, 2560, 2599, 2634, 2691, 2764, 2790, 2806, 2824, 2848, 2871, 2953], "summary": {"covered_lines": 88, "num_statements": 88, "percent_covered": 100.0, "percent_covered_display": "100", "missing_lines": 0, "excluded_lines": 0}, "missing_lines": [], "excluded_lines": []}}, "classes": {"CursorAgentError": {"executed_lines": [], "summary": {"covered_lines": 0, "num_statements": 0, "percent_covered": 100.0, "percent_covered_display": "100", "missing_lines": 0, "excluded_lines": 0}, "missing_lines": [], "excluded_lines": []}, "OpenAIEnrichmentError": {"executed_lines": [], "summary": {"covered_lines": 0, "num_statements": 0, "percent_covered": 100.0, "percent_covered_display": "100", "missing_lines": 0, "excluded_lines": 0}, "missing_lines": [], "excluded_lines": []}, "": {"executed_lines": [1, 3, 4, 5, 6, 7, 8, 9, 10, 11, 13, 17, 23, 29, 35, 36, 39, 43, 46, 55, 57, 59, 61, 63, 65, 67, 69, 71, 74, 77, 79, 81, 84, 87, 90, 92, 94, 96, 98, 101, 104, 107, 109, 111, 114, 117, 120, 121, 124, 130, 133, 134, 135, 137, 139, 140, 142, 144, 146, 148, 149, 151, 152, 154, 156, 159, 162, 165, 167, 169, 171, 175, 185, 186, 192, 194, 196, 198, 200, 202, 204, 206, 209, 212, 215, 216, 219, 226, 235, 237, 239, 241, 243, 249, 251, 254, 262, 264, 266, 268, 269, 276, 277, 279, 280, 282, 285, 288, 290, 292, 295, 298, 301, 303, 305, 307, 308, 312, 314, 317, 320, 330, 332, 334, 336, 351, 352, 358, 360, 361, 363, 366, 369, 372, 374, 376, 378, 379, 383, 385, 386, 388, 391, 394, 397, 399, 422, 445, 448, 451, 464, 468, 494, 497, 499, 501, 503, 505, 507, 509, 511, 513, 516, 519, 522, 524, 526, 528, 530, 532, 534, 536, 538, 540, 542, 544, 547, 550, 553, 555, 557, 559, 561, 563, 565, 567, 569, 571, 573, 575, 578, 581, 584, 587, 593, 601, 603, 605, 607, 609, 611, 613, 619, 621, 624, 627, 629, 631, 633, 635, 637, 639, 641, 643, 645, 647, 649, 651, 653, 655, 657, 659, 661, 664, 670, 673, 674, 677, 678, 680, 682, 684, 685, 687, 690, 693, 696, 697, 699, 701, 703, 730, 732, 734, 736, 738, 740, 741, 742, 744, 746, 748, 749, 751, 753, 755, 778, 780, 782, 784, 786, 788, 790, 792, 795, 798, 801, 803, 804, 806, 809, 810, 812, 815, 818, 821, 824, 833, 836, 837, 839, 841, 843, 846, 848, 850, 853, 854, 856, 859, 860, 863, 866, 869, 871, 873, 875, 877, 879, 881, 882, 884, 885, 886, 888, 891, 904, 907, 910, 912, 914, 916, 921, 922, 936, 939, 940, 941, 947, 949, 951, 953, 955, 957, 959, 961, 962, 971, 973, 975, 977, 979, 981, 982, 988, 990, 992, 994, 996, 998, 1001, 1002, 1017, 1020, 1023, 1025, 1027, 1029, 1032, 1035, 1038, 1040, 1042, 1043, 1046, 1047, 1049, 1051, 1054, 1056, 1057, 1058, 1060, 1062, 1064, 1066, 1068, 1069, 1071, 1073, 1076, 1079, 1082, 1085, 1087, 1088, 1090, 1092, 1095, 1098, 1101, 1103, 1105, 1107, 1108, 1111, 1117, 1120, 1137, 1139, 1141, 1143, 1145, 1147, 1148, 1151, 1152, 1154, 1156, 1158, 1160, 1162, 1163, 1165, 1167, 1169, 1170, 1185, 1188, 1191, 1193, 1195, 1198, 1201, 1204, 1205, 1208, 1209, 1210, 1211, 1213, 1215, 1217, 1219, 1221, 1223, 1224, 1226, 1228, 1230, 1232, 1235, 1238, 1241, 1242, 1244, 1246, 1248, 1253, 1255, 1257, 1259, 1261, 1263, 1265, 1267, 1269, 1270, 1271, 1273, 1275, 1277, 1279, 1281, 1286, 1288, 1290, 1292, 1294, 1296, 1301, 1303, 1305, 1307, 1309, 1311, 1314, 1321, 1324, 1330, 1331, 1334, 1342, 1345, 1347, 1355, 1357, 1364, 1365, 1368, 1377, 1379, 1386, 1388, 1395, 1396, 1399, 1407, 1410, 1413, 1414, 1415, 1416, 1417, 1418, 1419, 1420, 1423, 1555, 1556, 1560, 1568, 1585, 1588, 1590, 1591, 1593, 1595, 1597, 1600, 1603, 1613, 1614, 1616, 1618, 1621, 1630, 1631, 1633, 1635, 1637, 1639, 1640, 1642, 1645, 1659, 1661, 1663, 1665, 1667, 1671, 1673, 1675, 1678, 1679, 1680, 1682, 1684, 1686, 1688, 1689, 1691, 1693, 1695, 1697, 1698, 1700, 1702, 1704, 1706, 1707, 1709, 1715, 1718, 1721, 1725, 1726, 1728, 1731, 1734, 1750, 1752, 1754, 1757, 1758, 1760, 1762, 1764, 1765, 1767, 1769, 1770, 1772, 1774, 1775, 1780, 1782, 1783, 1790, 1791, 1793, 1795, 1797, 1801, 1803, 1805, 1807, 1809, 1811, 1813, 1815, 1822, 1825, 1828, 1829, 1831, 1833, 1835, 1836, 1838, 1840, 1843, 1844, 1845, 1848, 1850, 1851, 1853, 1855, 1857, 1858, 1859, 1861, 1863, 1866, 1869, 1872, 1874, 1876, 1878, 1880, 1882, 1884, 1887, 1890, 1903, 1904, 1906, 1914, 1923, 1925, 1938, 1944, 1952, 1955, 1957, 1959, 1961, 1964, 1971, 1976, 1979, 1982, 1984, 1986, 1988, 1989, 1990, 1992, 1993, 1996, 1997, 1998, 2000, 2002, 2004, 2007, 2010, 2024, 2026, 2028, 2032, 2034, 2040, 2042, 2044, 2046, 2057, 2061, 2066, 2068, 2070, 2076, 2078, 2079, 2080, 2081, 2083, 2086, 2088, 2091, 2093, 2097, 2100, 2108, 2114, 2117, 2118, 2119, 2120, 2121, 2122, 2123, 2124, 2126, 2133, 2148, 2156, 2162, 2169, 2170, 2172, 2173, 2175, 2177, 2179, 2180, 2182, 2186, 2188, 2192, 2193, 2195, 2197, 2201, 2204, 2205, 2206, 2207, 2209, 2210, 2211, 2212, 2215, 2216, 2217, 2218, 2219, 2222, 2223, 2224, 2225, 2226, 2229, 2230, 2231, 2232, 2235, 2241, 2248, 2250, 2254, 2256, 2260, 2261, 2265, 2271, 2273, 2275, 2281, 2283, 2284, 2285, 2286, 2288, 2292, 2294, 2297, 2299, 2303, 2304, 2307, 2315, 2329, 2330, 2331, 2332, 2333, 2334, 2335, 2338, 2344, 2345, 2346, 2347, 2348, 2350, 2362, 2364, 2380, 2386, 2397, 2398, 2400, 2401, 2403, 2405, 2407, 2408, 2410, 2414, 2416, 2420, 2421, 2423, 2428, 2429, 2430, 2431, 2432, 2433, 2434, 2436, 2437, 2438, 2439, 2440, 2441, 2443, 2445, 2449, 2450, 2451, 2453, 2455, 2458, 2466, 2479, 2481, 2485, 2487, 2491, 2493, 2497, 2498, 2504, 2508, 2514, 2516, 2518, 2524, 2526, 2527, 2528, 2529, 2531, 2535, 2537, 2540, 2542, 2546, 2547, 2550, 2560, 2564, 2565, 2566, 2567, 2568, 2569, 2570, 2571, 2572, 2575, 2576, 2577, 2578, 2579, 2580, 2582, 2585, 2586, 2587, 2588, 2591, 2599, 2603, 2604, 2605, 2607, 2609, 2621, 2628, 2634, 2638, 2639, 2641, 2642, 2644, 2646, 2648, 2649, 2651, 2655, 2657, 2661, 2663, 2665, 2669, 2672, 2673, 2674, 2676, 2678, 2679, 2682, 2683, 2685, 2688, 2691, 2703, 2705, 2709, 2711, 2715, 2721, 2723, 2725, 2731, 2733, 2734, 2735, 2736, 2738, 2742, 2744, 2747, 2749, 2753, 2754, 2757, 2764, 2772, 2774, 2776, 2778, 2780, 2783, 2790, 2793, 2798, 2800, 2803, 2806, 2814, 2816, 2818, 2819, 2821, 2824, 2832, 2834, 2835, 2836, 2838, 2840, 2842, 2845, 2848, 2851, 2852, 2855, 2856, 2858, 2860, 2862, 2864, 2865, 2868, 2871, 2881, 2883, 2885, 2887, 2889, 2891, 2898, 2900, 2902, 2903, 2904, 2905, 2911, 2912, 2913, 2918, 2924, 2926, 2927, 2929, 2930, 2932, 2935, 2938, 2953, 2956, 2959, 2960, 2962, 2964, 2967], "summary": {"covered_lines": 988, "num_statements": 988, "percent_covered": 100.0, "percent_covered_display": "100", "missing_lines": 0, "excluded_lines": 0}, "missing_lines": [], "excluded_lines": []}}}, "app\\schemas.py": {"executed_lines": [1, 3, 5, 8, 9, 11, 12, 13, 14, 15, 16, 18, 21, 22, 24, 25, 26, 27, 28, 29, 30, 34, 36, 39, 40, 42, 43, 44, 47, 48, 50, 51, 52, 55, 56, 58, 59, 60, 63, 64, 66, 69, 70, 72, 73, 74, 77, 78, 80, 81, 84, 85, 87, 88, 89, 90, 93, 94, 96, 97, 100, 101, 103, 106, 107, 109, 110, 111, 112, 113, 114, 115, 116, 117, 122, 125, 126, 128, 130, 133, 134, 136, 138, 141, 142, 149, 151], "summary": {"covered_lines": 71, "num_statements": 71, "percent_covered": 100.0, "percent_covered_display": "100", "missing_lines": 0, "excluded_lines": 0}, "missing_lines": [], "excluded_lines": [], "functions": {"": {"executed_lines": [1, 3, 5, 8, 9, 11, 12, 13, 14, 15, 16, 18, 21, 22, 24, 25, 26, 27, 28, 29, 30, 34, 36, 39, 40, 42, 43, 44, 47, 48, 50, 51, 52, 55, 56, 58, 59, 60, 63, 64, 66, 69, 70, 72, 73, 74, 77, 78, 80, 81, 84, 85, 87, 88, 89, 90, 93, 94, 96, 97, 100, 101, 103, 106, 107, 109, 110, 111, 112, 113, 114, 115, 116, 117, 122, 125, 126, 128, 130, 133, 134, 136, 138, 141, 142, 149, 151], "summary": {"covered_lines": 71, "num_statements": 71, "percent_covered": 100.0, "percent_covered_display": "100", "missing_lines": 0, "excluded_lines": 0}, "missing_lines": [], "excluded_lines": []}}, "classes": {"UploadedDocumentRequest": {"executed_lines": [], "summary": {"covered_lines": 0, "num_statements": 0, "percent_covered": 100.0, "percent_covered_display": "100", "missing_lines": 0, "excluded_lines": 0}, "missing_lines": [], "excluded_lines": []}, "TaskCreateRequest": {"executed_lines": [], "summary": {"covered_lines": 0, "num_statements": 0, "percent_covered": 100.0, "percent_covered_display": "100", "missing_lines": 0, "excluded_lines": 0}, "missing_lines": [], "excluded_lines": []}, "RunCreateRequest": {"executed_lines": [], "summary": {"covered_lines": 0, "num_statements": 0, "percent_covered": 100.0, "percent_covered_display": "100", "missing_lines": 0, "excluded_lines": 0}, "missing_lines": [], "excluded_lines": []}, "ApprovalDecisionRequest": {"executed_lines": [], "summary": {"covered_lines": 0, "num_statements": 0, "percent_covered": 100.0, "percent_covered_display": "100", "missing_lines": 0, "excluded_lines": 0}, "missing_lines": [], "excluded_lines": []}, "SignInRequest": {"executed_lines": [], "summary": {"covered_lines": 0, "num_statements": 0, "percent_covered": 100.0, "percent_covered_display": "100", "missing_lines": 0, "excluded_lines": 0}, "missing_lines": [], "excluded_lines": []}, "GoogleAuthExchangeRequest": {"executed_lines": [], "summary": {"covered_lines": 0, "num_statements": 0, "percent_covered": 100.0, "percent_covered_display": "100", "missing_lines": 0, "excluded_lines": 0}, "missing_lines": [], "excluded_lines": []}, "GitHubConnectRequest": {"executed_lines": [], "summary": {"covered_lines": 0, "num_statements": 0, "percent_covered": 100.0, "percent_covered_display": "100", "missing_lines": 0, "excluded_lines": 0}, "missing_lines": [], "excluded_lines": []}, "LinearConnectRequest": {"executed_lines": [], "summary": {"covered_lines": 0, "num_statements": 0, "percent_covered": 100.0, "percent_covered_display": "100", "missing_lines": 0, "excluded_lines": 0}, "missing_lines": [], "excluded_lines": []}, "JiraConnectRequest": {"executed_lines": [], "summary": {"covered_lines": 0, "num_statements": 0, "percent_covered": 100.0, "percent_covered_display": "100", "missing_lines": 0, "excluded_lines": 0}, "missing_lines": [], "excluded_lines": []}, "CursorConnectRequest": {"executed_lines": [], "summary": {"covered_lines": 0, "num_statements": 0, "percent_covered": 100.0, "percent_covered_display": "100", "missing_lines": 0, "excluded_lines": 0}, "missing_lines": [], "excluded_lines": []}, "DocsConnectRequest": {"executed_lines": [], "summary": {"covered_lines": 0, "num_statements": 0, "percent_covered": 100.0, "percent_covered_display": "100", "missing_lines": 0, "excluded_lines": 0}, "missing_lines": [], "excluded_lines": []}, "IntakeEnrichRequest": {"executed_lines": [], "summary": {"covered_lines": 0, "num_statements": 0, "percent_covered": 100.0, "percent_covered_display": "100", "missing_lines": 0, "excluded_lines": 0}, "missing_lines": [], "excluded_lines": []}, "IntakeIdentifyRepositoryRequest": {"executed_lines": [], "summary": {"covered_lines": 0, "num_statements": 0, "percent_covered": 100.0, "percent_covered_display": "100", "missing_lines": 0, "excluded_lines": 0}, "missing_lines": [], "excluded_lines": []}, "IntakeIssueScopingRequest": {"executed_lines": [], "summary": {"covered_lines": 0, "num_statements": 0, "percent_covered": 100.0, "percent_covered_display": "100", "missing_lines": 0, "excluded_lines": 0}, "missing_lines": [], "excluded_lines": []}, "DashboardSuggestedActionsRequest": {"executed_lines": [], "summary": {"covered_lines": 0, "num_statements": 0, "percent_covered": 100.0, "percent_covered_display": "100", "missing_lines": 0, "excluded_lines": 0}, "missing_lines": [], "excluded_lines": []}, "": {"executed_lines": [1, 3, 5, 8, 9, 11, 12, 13, 14, 15, 16, 18, 21, 22, 24, 25, 26, 27, 28, 29, 30, 34, 36, 39, 40, 42, 43, 44, 47, 48, 50, 51, 52, 55, 56, 58, 59, 60, 63, 64, 66, 69, 70, 72, 73, 74, 77, 78, 80, 81, 84, 85, 87, 88, 89, 90, 93, 94, 96, 97, 100, 101, 103, 106, 107, 109, 110, 111, 112, 113, 114, 115, 116, 117, 122, 125, 126, 128, 130, 133, 134, 136, 138, 141, 142, 149, 151], "summary": {"covered_lines": 71, "num_statements": 71, "percent_covered": 100.0, "percent_covered_display": "100", "missing_lines": 0, "excluded_lines": 0}, "missing_lines": [], "excluded_lines": []}}}, "app\\state.py": {"executed_lines": [1, 3, 4, 5, 6, 8, 9, 11, 12, 13, 14, 15, 16, 17, 18, 19, 20, 21, 22, 23, 24, 25, 26, 27, 30, 31, 33, 35, 41, 42, 43, 44, 47, 51, 54, 58, 61, 64, 66, 68, 70, 71, 72, 74, 76, 78, 81, 84, 87, 89, 91, 93, 95, 96, 98, 101, 104, 105, 108, 111, 115, 118, 121, 122, 123, 124, 125, 128, 129, 132, 135, 138, 139, 140, 141, 142, 143, 144, 145, 146, 147, 148, 151, 250, 259, 260, 263, 264, 275, 278, 281, 282, 283, 284, 285, 320, 321, 324, 325, 336, 339, 342, 343, 344, 345, 347, 358, 359, 369, 380, 383, 386, 387, 388, 389, 390, 391, 392, 393, 394, 397, 398, 399, 402, 403, 404, 405, 406, 408, 410, 411, 421, 423, 425, 428, 429, 440, 441, 442, 453, 463, 466, 467, 468, 469, 470, 471, 472, 495, 511, 521, 523, 534, 548, 551, 552, 554, 555, 556, 557, 558, 559, 561, 564, 578, 581, 583, 585, 587, 590, 593, 596, 597, 599, 601, 604, 605, 606, 608, 610, 611, 612, 613, 614, 615, 617, 619, 620, 621, 623, 624, 627, 628, 630, 632, 634, 636, 638, 640, 641, 642, 643, 646, 647, 648, 650, 651, 652, 653, 655, 657, 658, 659, 662, 665, 668, 669, 684, 687, 690, 693, 694, 696, 698, 700, 703, 704, 717, 720, 723, 725, 727, 730, 733, 736, 737, 740, 743, 746, 748, 750, 753, 756, 759, 761, 764, 765, 767, 770, 773, 776, 779, 780, 782, 785, 788, 791, 794, 795, 797, 800, 803, 806, 809, 810, 811, 812, 814, 818, 829, 832, 835, 842, 843, 844, 846, 848, 850, 852, 855, 858, 861, 863, 865, 868, 869, 872, 875, 884, 885, 886, 887, 888, 889, 904, 907, 911, 914, 917, 920, 922, 924, 926, 929, 932, 935, 936, 937, 939, 941, 944, 947, 950, 953, 955, 957, 960, 963, 970, 980, 981, 983, 985, 986, 987, 988, 990, 992, 993, 994, 997, 999, 1000, 1001, 1003, 1005, 1008, 1009, 1010, 1013, 1016, 1020, 1022, 1024, 1026, 1028, 1031, 1034, 1038, 1039, 1041, 1044, 1047, 1058, 1060, 1062, 1064, 1074, 1077, 1085, 1087, 1089, 1091, 1093, 1095, 1097, 1099, 1101, 1102, 1104, 1106, 1107, 1108, 1110, 1112, 1114, 1116, 1118, 1120, 1122, 1124, 1126, 1129, 1137, 1139, 1141, 1143, 1145, 1147, 1149, 1151, 1153, 1154, 1156, 1158, 1159, 1160, 1162, 1164, 1166, 1168, 1170, 1172, 1174, 1176, 1178, 1181, 1190, 1193, 1196, 1204, 1206, 1208, 1210, 1212, 1214, 1215, 1217, 1219, 1220, 1222, 1224, 1225, 1227, 1228, 1229, 1235, 1244, 1245, 1246, 1247, 1249, 1250, 1259, 1260, 1261, 1262, 1264, 1267, 1270, 1277, 1279, 1280, 1282, 1284, 1285, 1286, 1287, 1288, 1289, 1290, 1292, 1295, 1309, 1319, 1320, 1328, 1334, 1336, 1338, 1341, 1349, 1350, 1355, 1357, 1360, 1373, 1376, 1378, 1380, 1382, 1395, 1398, 1401, 1404, 1405, 1407, 1409, 1410, 1413, 1414, 1415, 1416, 1418, 1420, 1422, 1424, 1426, 1429, 1432, 1435, 1437, 1439, 1441, 1442, 1445, 1446, 1449, 1452, 1455, 1457, 1459, 1462, 1465, 1468, 1469, 1470, 1471, 1472, 1473, 1474, 1475, 1476, 1479, 1480, 1482, 1484, 1486, 1488, 1490, 1492, 1494, 1496, 1498, 1500, 1502, 1504, 1506, 1508, 1509, 1511, 1512, 1515, 1517, 1519, 1521, 1523, 1525, 1530, 1535, 1540, 1547, 1555, 1559, 1560, 1562, 1565, 1568, 1575, 1576, 1577, 1578, 1579, 1580, 1581, 1582, 1583, 1584, 1585, 1590, 1592, 1596, 1597, 1600, 1604, 1606, 1607, 1609, 1610, 1612, 1613, 1615, 1617, 1619, 1623, 1625, 1628, 1631, 1634, 1635, 1636, 1638, 1640, 1642, 1644, 1646, 1648, 1650, 1653, 1662, 1665, 1666, 1667, 1670, 1671, 1672, 1673, 1682, 1683, 1689, 1699, 1702, 1705, 1706, 1707, 1708, 1711, 1719, 1722, 1735, 1737, 1739, 1740, 1743, 1744, 1745, 1746, 1748, 1751, 1752, 1754, 1756, 1758, 1759, 1760, 1770, 1773, 1776, 1777, 1778, 1779, 1780, 1781, 1784, 1785, 1786, 1795, 1796, 1797, 1799, 1807, 1809, 1811, 1813, 1815, 1817, 1820, 1833, 1837, 1844, 1847, 1850, 1859, 1862, 1865, 1871, 1878, 1879, 1880, 1882, 1884, 1887, 1892, 1893, 1894, 1895, 1897, 1929, 1931, 1933, 1942, 1944, 1945, 1948, 1955, 1958, 1959, 1960, 1970, 1971, 1973, 1974, 1976, 1978, 1983, 1990, 1991, 1998, 2000, 2002, 2003, 2004, 2005, 2006, 2007, 2008, 2009, 2010, 2011, 2012, 2013, 2014, 2015, 2016, 2017, 2018, 2019, 2020, 2021, 2022, 2027, 2035, 2036, 2037, 2038, 2039, 2040, 2041, 2042, 2043, 2044, 2045, 2046, 2047, 2048, 2049, 2052, 2061, 2064, 2071, 2072, 2073, 2076, 2077, 2078, 2079, 2086, 2087, 2088, 2090, 2092, 2093, 2094, 2095, 2096, 2097, 2098, 2099, 2101, 2102, 2103, 2104, 2105, 2106, 2107, 2108, 2110, 2111, 2112, 2113, 2114, 2115, 2116, 2119, 2120, 2121, 2122, 2123, 2124, 2125, 2128, 2131], "summary": {"covered_lines": 771, "num_statements": 772, "percent_covered": 99.87046632124353, "percent_covered_display": "99", "missing_lines": 1, "excluded_lines": 0}, "missing_lines": [816], "excluded_lines": [], "functions": {"_utc_now": {"executed_lines": [51], "summary": {"covered_lines": 1, "num_statements": 1, "percent_covered": 100.0, "percent_covered_display": "100", "missing_lines": 0, "excluded_lines": 0}, "missing_lines": [], "excluded_lines": []}, "_utc_timestamp": {"executed_lines": [58], "summary": {"covered_lines": 1, "num_statements": 1, "percent_covered": 100.0, "percent_covered_display": "100", "missing_lines": 0, "excluded_lines": 0}, "missing_lines": [], "excluded_lines": []}, "_parse_timestamp": {"executed_lines": [64, 66, 68, 70, 71, 72, 74, 76, 78, 81], "summary": {"covered_lines": 10, "num_statements": 10, "percent_covered": 100.0, "percent_covered_display": "100", "missing_lines": 0, "excluded_lines": 0}, "missing_lines": [], "excluded_lines": []}, "_parse_runtime_seconds": {"executed_lines": [87, 89, 91, 93, 95, 96, 98], "summary": {"covered_lines": 7, "num_statements": 7, "percent_covered": 100.0, "percent_covered_display": "100", "missing_lines": 0, "excluded_lines": 0}, "missing_lines": [], "excluded_lines": []}, "_format_runtime": {"executed_lines": [104, 105, 108], "summary": {"covered_lines": 3, "num_statements": 3, "percent_covered": 100.0, "percent_covered_display": "100", "missing_lines": 0, "excluded_lines": 0}, "missing_lines": [], "excluded_lines": []}, "_build_step_timestamp": {"executed_lines": [115], "summary": {"covered_lines": 1, "num_statements": 1, "percent_covered": 100.0, "percent_covere
[...]
": 0, "excluded_lines": 0}, "missing_lines": [], "excluded_lines": []}, "_build_live_view": {"executed_lines": [581, 583, 585, 587, 590], "summary": {"covered_lines": 5, "num_statements": 5, "percent_covered": 100.0, "percent_covered_display": "100", "missing_lines": 0, "excluded_lines": 0}, "missing_lines": [], "excluded_lines": []}, "_sync_run_progress": {"executed_lines": [596, 597, 599, 601, 604, 605, 606, 608, 610, 611, 612, 613, 614, 615, 617, 619, 620, 621, 623, 624, 627, 628, 630, 632, 634, 636, 638, 640, 641, 642, 643, 646, 647, 648, 650, 651, 652, 653, 655, 657, 658, 659], "summary": {"covered_lines": 42, "num_statements": 42, "percent_covered": 100.0, "percent_covered_display": "100", "missing_lines": 0, "excluded_lines": 0}, "missing_lines": [], "excluded_lines": []}, "_fallback_issues": {"executed_lines": [665, 668, 669, 684], "summary": {"covered_lines": 4, "num_statements": 4, "percent_covered": 100.0, "percent_covered_display": "100", "missing_lines": 0, "excluded_lines": 0}, "missing_lines": [], "excluded_lines": []}, "_fallback_repositories": {"executed_lines": [690, 693, 694, 696, 698, 700, 703, 704, 717], "summary": {"covered_lines": 9, "num_statements": 9, "percent_covered": 100.0, "percent_covered_display": "100", "missing_lines": 0, "excluded_lines": 0}, "missing_lines": [], "excluded_lines": []}, "_fallback_documents": {"executed_lines": [723, 725, 727, 730], "summary": {"covered_lines": 4, "num_statements": 4, "percent_covered": 100.0, "percent_covered_display": "100", "missing_lines": 0, "excluded_lines": 0}, "missing_lines": [], "excluded_lines": []}, "_list_connected_issues": {"executed_lines": [736, 737, 740], "summary": {"covered_lines": 3, "num_statements": 3, "percent_covered": 100.0, "percent_covered_display": "100", "missing_lines": 0, "excluded_lines": 0}, "missing_lines": [], "excluded_lines": []}, "_slugify": {"executed_lines": [746, 748, 750, 753], "summary": {"covered_lines": 4, "num_statements": 4, "percent_covered": 100.0, "percent_covered_display": "100", "missing_lines": 0, "excluded_lines": 0}, "missing_lines": [], "excluded_lines": []}, "_find_issue": {"executed_lines": [759, 761, 764, 765, 767, 770], "summary": {"covered_lines": 6, "num_statements": 6, "percent_covered": 100.0, "percent_covered_display": "100", "missing_lines": 0, "excluded_lines": 0}, "missing_lines": [], "excluded_lines": []}, "_find_repository": {"executed_lines": [776, 779, 780, 782, 785], "summary": {"covered_lines": 5, "num_statements": 5, "percent_covered": 100.0, "percent_covered_display": "100", "missing_lines": 0, "excluded_lines": 0}, "missing_lines": [], "excluded_lines": []}, "_select_documents": {"executed_lines": [791, 794, 795, 797, 800], "summary": {"covered_lines": 5, "num_statements": 5, "percent_covered": 100.0, "percent_covered_display": "100", "missing_lines": 0, "excluded_lines": 0}, "missing_lines": [], "excluded_lines": []}, "_normalize_uploaded_documents": {"executed_lines": [806, 809, 810, 811, 812, 814, 818, 829], "summary": {"covered_lines": 8, "num_statements": 9, "percent_covered": 88.88888888888889, "percent_covered_display": "89", "missing_lines": 1, "excluded_lines": 0}, "missing_lines": [816], "excluded_lines": []}, "_build_cursor_issue_block": {"executed_lines": [835, 842, 843, 844, 846, 848, 850, 852, 855], "summary": {"covered_lines": 9, "num_statements": 9, "percent_covered": 100.0, "percent_covered_display": "100", "missing_lines": 0, "excluded_lines": 0}, "missing_lines": [], "excluded_lines": []}, "_build_cursor_docs_block": {"executed_lines": [861, 863, 865, 868, 869, 872], "summary": {"covered_lines": 6, "num_statements": 6, "percent_covered": 100.0, "percent_covered_display": "100", "missing_lines": 0, "excluded_lines": 0}, "missing_lines": [], "excluded_lines": []}, "_build_cursor_prompt": {"executed_lines": [884, 885, 886, 887, 888, 889, 904], "summary": {"covered_lines": 7, "num_statements": 7, "percent_covered": 100.0, "percent_covered_display": "100", "missing_lines": 0, "excluded_lines": 0}, "missing_lines": [], "excluded_lines": []}, "_clear_issue_tracker_sync_state": {"executed_lines": [911, 914], "summary": {"covered_lines": 2, "num_statements": 2, "percent_covered": 100.0, "percent_covered_display": "100", "missing_lines": 0, "excluded_lines": 0}, "missing_lines": [], "excluded_lines": []}, "_map_cursor_agent_status": {"executed_lines": [920, 922, 924, 926, 929], "summary": {"covered_lines": 5, "num_statements": 5, "percent_covered": 100.0, "percent_covered_display": "100", "missing_lines": 0, "excluded_lines": 0}, "missing_lines": [], "excluded_lines": []}, "_resolve_pull_request_url": {"executed_lines": [935, 936, 937, 939, 941, 944, 947], "summary": {"covered_lines": 7, "num_statements": 7, "percent_covered": 100.0, "percent_covered_display": "100", "missing_lines": 0, "excluded_lines": 0}, "missing_lines": [], "excluded_lines": []}, "_is_real_github_pull_request_url": {"executed_lines": [953, 955, 957, 960], "summary": {"covered_lines": 4, "num_statements": 4, "percent_covered": 100.0, "percent_covered_display": "100", "missing_lines": 0, "excluded_lines": 0}, "missing_lines": [], "excluded_lines": []}, "_simulated_pull_request_state": {"executed_lines": [970, 980, 981, 983, 985, 986, 987, 988, 990, 992, 993, 994, 997, 999, 1000, 1001, 1003, 1005, 1008, 1009, 1010, 1013], "summary": {"covered_lines": 22, "num_statements": 22, "percent_covered": 100.0, "percent_covered_display": "100", "missing_lines": 0, "excluded_lines": 0}, "missing_lines": [], "excluded_lines": []}, "_resolve_pull_request_state": {"executed_lines": [1020, 1022, 1024, 1026, 1028, 1031], "summary": {"covered_lines": 6, "num_statements": 6, "percent_covered": 100.0, "percent_covered_display": "100", "missing_lines": 0, "excluded_lines": 0}, "missing_lines": [], "excluded_lines": []}, "_approval_history_has_entry": {"executed_lines": [1038, 1039, 1041, 1044], "summary": {"covered_lines": 4, "num_statements": 4, "percent_covered": 100.0, "percent_covered_display": "100", "missing_lines": 0, "excluded_lines": 0}, "missing_lines": [], "excluded_lines": []}, "_append_pull_request_event": {"executed_lines": [1058, 1060, 1062, 1064, 1074], "summary": {"covered_lines": 5, "num_statements": 5, "percent_covered": 100.0, "percent_covered_display": "100", "missing_lines": 0, "excluded_lines": 0}, "missing_lines": [], "excluded_lines": []}, "_sync_linear_issue_status_from_pr": {"executed_lines": [1085, 1087, 1089, 1091, 1093, 1095, 1097, 1099, 1101, 1102, 1104, 1106, 1107, 1108, 1110, 1112, 1114, 1116, 1118, 1120, 1122, 1124, 1126], "summary": {"covered_lines": 23, "num_statements": 23, "percent_covered": 100.0, "percent_covered_display": "100", "missing_lines": 0, "excluded_lines": 0}, "missing_lines": [], "excluded_lines": []}, "_sync_jira_issue_status_from_pr": {"executed_lines": [1137, 1139, 1141, 1143, 1145, 1147, 1149, 1151, 1153, 1154, 1156, 1158, 1159, 1160, 1162, 1164, 1166, 1168, 1170, 1172, 1174, 1176, 1178], "summary": {"covered_lines": 23, "num_statements": 23, "percent_covered": 100.0, "percent_covered_display": "100", "missing_lines": 0, "excluded_lines": 0}, "missing_lines": [], "excluded_lines": []}, "_sync_issue_tracker_status_from_pr": {"executed_lines": [1190, 1193], "summary": {"covered_lines": 2, "num_statements": 2, "percent_covered": 100.0, "percent_covered_display": "100", "missing_lines": 0, "excluded_lines": 0}, "missing_lines": [], "excluded_lines": []}, "_sync_pull_request_status": {"executed_lines": [1204, 1206, 1208, 1210, 1212, 1214, 1215, 1217, 1219, 1220, 1222, 1224, 1225, 1227, 1228, 1229, 1235, 1244, 1245, 1246, 1247, 1249, 1250, 1259, 1260, 1261, 1262, 1264, 1267], "summary": {"covered_lines": 29, "num_statements": 29, "percent_covered": 100.0, "percent_covered_display": "100", "missing_lines": 0, "excluded_lines": 0}, "missing_lines": [], "excluded_lines": []}, "_build_pull_request_view": {"executed_lines": [1277, 1279, 1280, 1282, 1284, 1285, 1286, 1287, 1288, 1289, 1290, 1292, 1295], "summary": {"covered_lines": 13, "num_statements": 13, "percent_covered": 100.0, "percent_covered_display": "100", "missing_lines": 0, "excluded_lines": 0}, "missing_lines": [], "excluded_lines": []}, "_build_run_extensions": {"executed_lines": [1319, 1320, 1328, 1334, 1336, 1338, 1341, 1349, 1350, 1355, 1357, 1360], "summary": {"covered_lines": 12, "num_statements": 12, "percent_covered": 100.0, "percent_covered_display": "100", "missing_lines": 0, "excluded_lines": 0}, "missing_lines": [], "excluded_lines": []}, "_is_actionable_blocker": {"executed_lines": [1376, 1378, 1380, 1382, 1395], "summary": {"covered_lines": 5, "num_statements": 5, "percent_covered": 100.0, "percent_covered_display": "100", "missing_lines": 0, "excluded_lines": 0}, "missing_lines": [], "excluded_lines": []}, "_collect_blocker_counts": {"executed_lines": [1401, 1404, 1405, 1407, 1409, 1410, 1413, 1414, 1415, 1416, 1418, 1420, 1422, 1424, 1426, 1429], "summary": {"covered_lines": 16, "num_statements": 16, "percent_covered": 100.0, "percent_covered_display": "100", "missing_lines": 0, "excluded_lines": 0}, "missing_lines": [], "excluded_lines": []}, "_build_dashboard_blocked_reasons": {"executed_lines": [1435, 1437, 1439, 1441, 1442, 1445, 1446, 1449], "summary": {"covered_lines": 8, "num_statements": 8, "percent_covered": 100.0, "percent_covered_display": "100", "missing_lines": 0, "excluded_lines": 0}, "missing_lines": [], "excluded_lines": []}, "_build_review_effort_value": {"executed_lines": [1455, 1457, 1459, 1462], "summary": {"covered_lines": 4, "num_statements": 4, "percent_covered": 100.0, "percent_covered_display": "100", "missing_lines": 0, "excluded_lines": 0}, "missing_lines": [], "excluded_lines": []}, "_compute_metrics": {"executed_lines": [1468, 1469, 1470, 1471, 1472, 1473, 1474, 1475, 1476, 1479, 1480, 1482, 1484, 1486, 1488, 1490, 1492, 1494, 1496, 1498, 1500, 1502, 1504, 1506, 1508, 1509, 1511, 1512, 1515, 1517, 1519, 1521, 1523, 1525, 1530, 1535, 1540, 1547], "summary": {"covered_lines": 38, "num_statements": 38, "percent_covered": 100.0, "percent_covered_display": "100", "missing_lines": 0, "excluded_lines": 0}, "missing_lines": [], "excluded_lines": []}, "_find_integration_status": {"executed_lines": [1559, 1560, 1562, 1565], "summary": {"covered_lines": 4, "num_statements": 4, "percent_covered": 100.0, "percent_covered_display": "100", "missing_lines": 0, "excluded_lines": 0}, "missing_lines": [], "excluded_lines": []}, "_build_dashboard_suggested_actions": {"executed_lines": [1575, 1576, 1577, 1578, 1579, 1580, 1581, 1582, 1583, 1584, 1585, 1590, 1592, 1596, 1597, 1600, 1604, 1606, 1607, 1609, 1610, 1612, 1613, 1615, 1617, 1619, 1623, 1625, 1628], "summary": {"covered_lines": 29, "num_statements": 29, "percent_covered": 100.0, "percent_covered_display": "100", "missing_lines": 0, "excluded_lines": 0}, "missing_lines": [], "excluded_lines": []}, "get_integration_catalog": {"executed_lines": [1634, 1635, 1636, 1638, 1640, 1642, 1644, 1646, 1648, 1650, 1653], "summary": {"covered_lines": 11, "num_statements": 11, "percent_covered": 100.0, "percent_covered_display": "100", "missing_lines": 0, "excluded_lines": 0}, "missing_lines": [], "excluded_lines": []}, "get_dashboard_payload": {"executed_lines": [1665, 1666, 1667, 1670, 1671, 1672, 1673, 1682, 1683, 1689], "summary": {"covered_lines": 10, "num_statements": 10, "percent_covered": 100.0, "percent_covered_display": "100", "missing_lines": 0, "excluded_lines": 0}, "missing_lines": [], "excluded_lines": []}, "get_run_detail": {"executed_lines": [1702, 1705, 1706, 1707, 1708, 1711, 1719], "summary": {"covered_lines": 7, "num_statements": 7, "percent_covered": 100.0, "percent_covered_display": "100", "missing_lines": 0, "excluded_lines": 0}, "missing_lines": [], "excluded_lines": []}, "get_runs_by_ids": {"executed_lines": [1735, 1737, 1739, 1740, 1743, 1744, 1745, 1746, 1748, 1751, 1752, 1754, 1756, 1758, 1759, 1760, 1770], "summary": {"covered_lines": 17, "num_statements": 17, "percent_covered": 100.0, "percent_covered_display": "100", "missing_lines": 0, "excluded_lines": 0}, "missing_lines": [], "excluded_lines": []}, "get_approval_payload": {"executed_lines": [1776, 1777, 1778, 1779, 1780, 1781, 1784, 1785, 1786, 1795, 1796, 1797, 1799, 1807, 1809, 1811, 1813, 1815, 1817, 1820], "summary": {"covered_lines": 20, "num_statements": 20, "percent_covered": 100.0, "percent_covered_display": "100", "missing_lines": 0, "excluded_lines": 0}, "missing_lines": [], "excluded_lines": []}, "get_policy_payload": {"executed_lines": [1837], "summary": {"covered_lines": 1, "num_statements": 1, "percent_covered": 100.0, "percent_covered_display": "100", "missing_lines": 0, "excluded_lines": 0}, "missing_lines": [], "excluded_lines": []}, "get_intake_payload": {"executed_lines": [1847, 1850], "summary": {"covered_lines": 2, "num_statements": 2, "percent_covered": 100.0, "percent_covered_display": "100", "missing_lines": 0, "excluded_lines": 0}, "missing_lines": [], "excluded_lines": []}, "get_integrations_payload": {"executed_lines": [1862, 1865], "summary": {"covered_lines": 2, "num_statements": 2, "percent_covered": 100.0, "percent_covered_display": "100", "missing_lines": 0, "excluded_lines": 0}, "missing_lines": [], "excluded_lines": []}, "create_task": {"executed_lines": [1878, 1879, 1880, 1882, 1884, 1887, 1892, 1893, 1894, 1895, 1897, 1929, 1931, 1933, 1942, 1944, 1945], "summary": {"covered_lines": 17, "num_statements": 17, "percent_covered": 100.0, "percent_covered_display": "100", "missing_lines": 0, "excluded_lines": 0}, "missing_lines": [], "excluded_lines": []}, "create_run": {"executed_lines": [1955, 1958, 1959, 1960, 1970, 1971, 1973, 1974, 1976, 1978, 1983, 1990, 1991, 1998, 2000, 2002, 2003, 2004, 2005, 2006, 2007, 2008, 2009, 2010, 2011, 2012, 2013, 2014, 2015, 2016, 2017, 2018, 2019, 2020, 2021, 2022, 2027, 2035, 2036, 2037, 2038, 2039, 2040, 2041, 2042, 2043, 2044, 2045, 2046, 2047, 2048, 2049, 2052, 2061], "summary": {"covered_lines": 54, "num_statements": 54, "percent_covered": 100.0, "percent_covered_display": "100", "missing_lines": 0, "excluded_lines": 0}, "missing_lines": [], "excluded_lines": []}, "record_approval": {"executed_lines": [2071, 2072, 2073, 2076, 2077, 2078, 2079, 2086, 2087, 2088, 2090, 2092, 2093, 2094, 2095, 2096, 2097, 2098, 2099, 2101, 2102, 2103, 2104, 2105, 2106, 2107, 2108, 2110, 2111, 2112, 2113, 2114, 2115, 2116, 2119, 2120, 2121, 2122, 2123, 2124, 2125, 2128, 2131], "summary": {"covered_lines": 43, "num_statements": 43, "percent_covered": 100.0, "percent_covered_display": "100", "missing_lines": 0, "excluded_lines": 0}, "missing_lines": [], "excluded_lines": []}, "": {"executed_lines": [1, 3, 4, 5, 6, 8, 9, 11, 12, 13, 14, 15, 16, 17, 18, 19, 20, 21, 22, 23, 24, 25, 26, 27, 30, 31, 33, 35, 41, 42, 43, 44, 47, 54, 61, 84, 101, 111, 118, 135, 250, 278, 339, 383, 463, 548, 578, 593, 662, 687, 720, 733, 743, 756, 773, 788, 803, 832, 858, 875, 907, 917, 932, 950, 963, 1016, 1034, 1047, 1077, 1129, 1181, 1196, 1270, 1309, 1373, 1398, 1432, 1452, 1465, 1555, 1568, 1631, 1662, 1699, 1722, 1773, 1833, 1844, 1859, 1871, 1948, 2064], "summary": {"covered_lines": 91, "num_statements": 91, "percent_covered": 100.0, "percent_covered_display": "100", "missing_lines": 0, "excluded_lines": 0}, "missing_lines": [], "excluded_lines": []}}, "classes": {"": {"executed_lines": [1, 3, 4, 5, 6, 8, 9, 11, 12, 13, 14, 15, 16, 17, 18, 19, 20, 21, 22, 23, 24, 25, 26, 27, 30, 31, 33, 35, 41, 42, 43, 44, 47, 51, 54, 58, 61, 64, 66, 68, 70, 71, 72, 74, 76, 78, 81, 84, 87, 89, 91, 93, 95, 96, 98, 101, 104, 105, 108, 111, 115, 118, 121, 122, 123, 124, 125, 128, 129, 132, 135, 138, 139, 140, 141, 142, 143, 144, 145, 146, 147, 148, 151, 250, 259, 260, 263, 264, 275, 278, 281, 282, 283, 284, 285, 320, 321, 324, 325, 336, 339, 342, 343, 344, 345, 347, 358, 359, 369, 380, 383, 386, 387, 388, 389, 390, 391, 392, 393, 394, 397, 398, 399, 402, 403, 404, 405, 406, 408, 410, 411, 421, 423, 425, 428, 429, 440, 441, 442, 453, 463, 466, 467, 468, 469, 470, 471, 472, 495, 511, 521, 523, 534, 548, 551, 552, 554, 555, 556, 557, 558, 559, 561, 564, 578, 581, 583, 585, 587, 590, 593, 596, 597, 599, 601, 604, 605, 606, 608, 610, 611, 612, 613, 614, 615, 617, 619, 620, 621, 623, 624, 627, 628, 630, 632, 634, 636, 638, 640, 641, 642, 643, 646, 647, 648, 650, 651, 652, 653, 655, 657, 658, 659, 662, 665, 668, 669, 684, 687, 690, 693, 694, 696, 698, 700, 703, 704, 717, 720, 723, 725, 727, 730, 733, 736, 737, 740, 743, 746, 748, 750, 753, 756, 759, 761, 764, 765, 767, 770, 773, 776, 779, 780, 782, 785, 788, 791, 794, 795, 797, 800, 803, 806, 809, 810, 811, 812, 814, 818, 829, 832, 835, 842, 843, 844, 846, 848, 850, 852, 855, 858, 861, 863, 865, 868, 869, 872, 875, 884, 885, 886, 887, 888, 889, 904, 907, 911, 914, 917, 920, 922, 924, 926, 929, 932, 935, 936, 937, 939, 941, 944, 947, 950, 953, 955, 957, 960, 963, 970, 980, 981, 983, 985, 986, 987, 988, 990, 992, 993, 994, 997, 999, 1000, 1001, 1003, 1005, 1008, 1009, 1010, 1013, 1016, 1020, 1022, 1024, 1026, 1028, 1031, 1034, 1038, 1039, 1041, 1044, 1047, 1058, 1060, 1062, 1064, 1074, 1077, 1085, 1087, 1089, 1091, 1093, 1095, 1097, 1099, 1101, 1102, 1104, 1106, 1107, 1108, 1110, 1112, 1114, 1116, 1118, 1120, 1122, 1124, 1126, 1129, 1137, 1139, 1141, 1143, 1145, 1147, 1149, 1151, 1153, 1154, 1156, 1158, 1159, 1160, 1162, 1164, 1166, 1168, 1170, 1172, 1174, 1176, 1178, 1181, 1190, 1193, 1196, 1204, 1206, 1208, 1210, 1212, 1214, 1215, 1217, 1219, 1220, 1222, 1224, 1225, 1227, 1228, 1229, 1235, 1244, 1245, 1246, 1247, 1249, 1250, 1259, 1260, 1261, 1262, 1264, 1267, 1270, 1277, 1279, 1280, 1282, 1284, 1285, 1286, 1287, 1288, 1289, 1290, 1292, 1295, 1309, 1319, 1320, 1328, 1334, 1336, 1338, 1341, 1349, 1350, 1355, 1357, 1360, 1373, 1376, 1378, 1380, 1382, 1395, 1398, 1401, 1404, 1405, 1407, 1409, 1410, 1413, 1414, 1415, 1416, 1418, 1420, 1422, 1424, 1426, 1429, 1432, 1435, 1437, 1439, 1441, 1442, 1445, 1446, 1449, 1452, 1455, 1457, 1459, 1462, 1465, 1468, 1469, 1470, 1471, 1472, 1473, 1474, 1475, 1476, 1479, 1480, 1482, 1484, 1486, 1488, 1490, 1492, 1494, 1496, 1498, 1500, 1502, 1504, 1506, 1508, 1509, 1511, 1512, 1515, 1517, 1519, 1521, 1523, 1525, 1530, 1535, 1540, 1547, 1555, 1559, 1560, 1562, 1565, 1568, 1575, 1576, 1577, 1578, 1579, 1580, 1581, 1582, 1583, 1584, 1585, 1590, 1592, 1596, 1597, 1600, 1604, 1606, 1607, 1609, 1610, 1612, 1613, 1615, 1617, 1619, 1623, 1625, 1628, 1631, 1634, 1635, 1636, 1638, 1640, 1642, 1644, 1646, 1648, 1650, 1653, 1662, 1665, 1666, 1667, 1670, 1671, 1672, 1673, 1682, 1683, 1689, 1699, 1702, 1705, 1706, 1707, 1708, 1711, 1719, 1722, 1735, 1737, 1739, 1740, 1743, 1744, 1745, 1746, 1748, 1751, 1752, 1754, 1756, 1758, 1759, 1760, 1770, 1773, 1776, 1777, 1778, 1779, 1780, 1781, 1784, 1785, 1786, 1795, 1796, 1797, 1799, 1807, 1809, 1811, 1813, 1815, 1817, 1820, 1833, 1837, 1844, 1847, 1850, 1859, 1862, 1865, 1871, 1878, 1879, 1880, 1882, 1884, 1887, 1892, 1893, 1894, 1895, 1897, 1929, 1931, 1933, 1942, 1944, 1945, 1948, 1955, 1958, 1959, 1960, 1970, 1971, 1973, 1974, 1976, 1978, 1983, 1990, 1991, 1998, 2000, 2002, 2003, 2004, 2005, 2006, 2007, 2008, 2009, 2010, 2011, 2012, 2013, 2014, 2015, 2016, 2017, 2018, 2019, 2020, 2021, 2022, 2027, 2035, 2036, 2037, 2038, 2039, 2040, 2041, 2042, 2043, 2044, 2045, 2046, 2047, 2048, 2049, 2052, 2061, 2064, 2071, 2072, 2073, 2076, 2077, 2078, 2079, 2086, 2087, 2088, 2090, 2092, 2093, 2094, 2095, 2096, 2097, 2098, 2099, 2101, 2102, 2103, 2104, 2105, 2106, 2107, 2108, 2110, 2111, 2112, 2113, 2114, 2115, 2116, 2119, 2120, 2121, 2122, 2123, 2124, 2125, 2128, 2131], "summary": {"covered_lines": 771, "num_statements": 772, "percent_covered": 99.87046632124353, "percent_covered_display": "99", "missing_lines": 1, "excluded_lines": 0}, "missing_lines": [816], "excluded_lines": []}}}}, "totals": {"covered_lines": 2509, "num_statements": 2510, "percent_covered": 99.9601593625498, "percent_covered_display": "99", "missing_lines": 1, "excluded_lines": 0}}